Started GET "/" for 172.20.0.1 at 2020-04-09 19:06:02 +0000
Cannot render console from 172.20.0.1! Allowed networks: 127.0.0.1, ::1, 127.0.0.0/127.255.255.255
  
ActiveRecord::ConnectionNotEstablished (No connection pool with 'primary' found.):
  
activerecord (5.2.3) lib/active_record/connection_adapters/abstract/connection_pool.rb:1013:in `retrieve_connection'
activerecord (5.2.3) lib/active_record/connection_handling.rb:118:in `retrieve_connection'
activerecord (5.2.3) lib/active_record/connection_handling.rb:90:in `connection'
activerecord (5.2.3) lib/active_record/migration.rb:554:in `call'
actionpack (5.2.3) lib/action_dispatch/middleware/callbacks.rb:28:in `block in call'
activesupport (5.2.3) lib/active_support/callbacks.rb:98:in `run_callbacks'
actionpack (5.2.3) lib/action_dispatch/middleware/callbacks.rb:26:in `call'
actionpack (5.2.3) lib/action_dispatch/middleware/executor.rb:14:in `call'
actionpack (5.2.3) lib/action_dispatch/middleware/debug_exceptions.rb:61:in `call'
web-console (3.7.0) lib/web_console/middleware.rb:135:in `call_app'
web-console (3.7.0) lib/web_console/middleware.rb:22:in `block in call'
web-console (3.7.0) lib/web_console/middleware.rb:20:in `catch'
web-console (3.7.0) lib/web_console/middleware.rb:20:in `call'
actionpack (5.2.3) lib/action_dispatch/middleware/show_exceptions.rb:33:in `call'
railties (5.2.3) lib/rails/rack/logger.rb:38:in `call_app'
railties (5.2.3) lib/rails/rack/logger.rb:26:in `block in call'
activesupport (5.2.3) lib/active_support/tagged_logging.rb:71:in `block in tagged'
activesupport (5.2.3) lib/active_support/tagged_logging.rb:28:in `tagged'
activesupport (5.2.3) lib/active_support/tagged_logging.rb:71:in `tagged'
railties (5.2.3) lib/rails/rack/logger.rb:26:in `call'
sprockets-rails (3.2.1) lib/sprockets/rails/quiet_assets.rb:13:in `call'
actionpack (5.2.3) lib/action_dispatch/middleware/remote_ip.rb:81:in `call'
actionpack (5.2.3) lib/action_dispatch/middleware/request_id.rb:27:in `call'
rack (2.0.8) lib/rack/method_override.rb:22:in `call'
rack (2.0.8) lib/rack/runtime.rb:22:in `call'
activesupport (5.2.3) lib/active_support/cache/strategy/local_cache_middleware.rb:29:in `call'
actionpack (5.2.3) lib/action_dispatch/middleware/executor.rb:14:in `call'
actionpack (5.2.3) lib/action_dispatch/middleware/static.rb:127:in `call'
rack (2.0.8) lib/rack/sendfile.rb:111:in `call'
webpacker (4.0.7) lib/webpacker/dev_server_proxy.rb:29:in `perform_request'
rack-proxy (0.6.5) lib/rack/proxy.rb:57:in `call'
railties (5.2.3) lib/rails/engine.rb:524:in `call'
puma (3.12.2) lib/puma/configuration.rb:227:in `call'
puma (3.12.2) lib/puma/server.rb:674:in `handle_request'
puma (3.12.2) lib/puma/server.rb:476:in `process_client'
puma (3.12.2) lib/puma/server.rb:334:in `block in run'
puma (3.12.2) lib/puma/thread_pool.rb:135:in `block in spawn_thread'
Started GET "/" for 172.21.0.1 at 2020-04-09 19:30:02 +0000
Cannot render console from 172.21.0.1! Allowed networks: 127.0.0.1, ::1, 127.0.0.0/127.255.255.255
  
ActiveRecord::NoDatabaseError (FATAL:  database "rails_development" does not exist
):
  
activerecord (5.2.3) lib/active_record/connection_adapters/postgresql_adapter.rb:696:in `rescue in connect'
activerecord (5.2.3) lib/active_record/connection_adapters/postgresql_adapter.rb:691:in `connect'
activerecord (5.2.3) lib/active_record/connection_adapters/postgresql_adapter.rb:223:in `initialize'
activerecord (5.2.3) lib/active_record/connection_adapters/postgresql_adapter.rb:48:in `new'
activerecord (5.2.3) lib/active_record/connection_adapters/postgresql_adapter.rb:48:in `postgresql_connection'
activerecord (5.2.3) lib/active_record/connection_adapters/abstract/connection_pool.rb:811:in `new_connection'
activerecord (5.2.3) lib/active_record/connection_adapters/abstract/connection_pool.rb:855:in `checkout_new_connection'
activerecord (5.2.3) lib/active_record/connection_adapters/abstract/connection_pool.rb:834:in `try_to_checkout_new_connection'
activerecord (5.2.3) lib/active_record/connection_adapters/abstract/connection_pool.rb:795:in `acquire_connection'
activerecord (5.2.3) lib/active_record/connection_adapters/abstract/connection_pool.rb:523:in `checkout'
activerecord (5.2.3) lib/active_record/connection_adapters/abstract/connection_pool.rb:382:in `connection'
activerecord (5.2.3) lib/active_record/connection_adapters/abstract/connection_pool.rb:1014:in `retrieve_connection'
activerecord (5.2.3) lib/active_record/connection_handling.rb:118:in `retrieve_connection'
activerecord (5.2.3) lib/active_record/connection_handling.rb:90:in `connection'
activerecord (5.2.3) lib/active_record/migration.rb:554:in `call'
actionpack (5.2.3) lib/action_dispatch/middleware/callbacks.rb:28:in `block in call'
activesupport (5.2.3) lib/active_support/callbacks.rb:98:in `run_callbacks'
actionpack (5.2.3) lib/action_dispatch/middleware/callbacks.rb:26:in `call'
actionpack (5.2.3) lib/action_dispatch/middleware/executor.rb:14:in `call'
actionpack (5.2.3) lib/action_dispatch/middleware/debug_exceptions.rb:61:in `call'
web-console (3.7.0) lib/web_console/middleware.rb:135:in `call_app'
web-console (3.7.0) lib/web_console/middleware.rb:22:in `block in call'
web-console (3.7.0) lib/web_console/middleware.rb:20:in `catch'
web-console (3.7.0) lib/web_console/middleware.rb:20:in `call'
actionpack (5.2.3) lib/action_dispatch/middleware/show_exceptions.rb:33:in `call'
railties (5.2.3) lib/rails/rack/logger.rb:38:in `call_app'
railties (5.2.3) lib/rails/rack/logger.rb:26:in `block in call'
activesupport (5.2.3) lib/active_support/tagged_logging.rb:71:in `block in tagged'
activesupport (5.2.3) lib/active_support/tagged_logging.rb:28:in `tagged'
activesupport (5.2.3) lib/active_support/tagged_logging.rb:71:in `tagged'
railties (5.2.3) lib/rails/rack/logger.rb:26:in `call'
sprockets-rails (3.2.1) lib/sprockets/rails/quiet_assets.rb:13:in `call'
actionpack (5.2.3) lib/action_dispatch/middleware/remote_ip.rb:81:in `call'
actionpack (5.2.3) lib/action_dispatch/middleware/request_id.rb:27:in `call'
rack (2.0.8) lib/rack/method_override.rb:22:in `call'
rack (2.0.8) lib/rack/runtime.rb:22:in `call'
activesupport (5.2.3) lib/active_support/cache/strategy/local_cache_middleware.rb:29:in `call'
actionpack (5.2.3) lib/action_dispatch/middleware/executor.rb:14:in `call'
actionpack (5.2.3) lib/action_dispatch/middleware/static.rb:127:in `call'
rack (2.0.8) lib/rack/sendfile.rb:111:in `call'
webpacker (4.0.7) lib/webpacker/dev_server_proxy.rb:29:in `perform_request'
rack-proxy (0.6.5) lib/rack/proxy.rb:57:in `call'
railties (5.2.3) lib/rails/engine.rb:524:in `call'
puma (3.12.2) lib/puma/configuration.rb:227:in `call'
puma (3.12.2) lib/puma/server.rb:674:in `handle_request'
puma (3.12.2) lib/puma/server.rb:476:in `process_client'
puma (3.12.2) lib/puma/server.rb:334:in `block in run'
puma (3.12.2) lib/puma/thread_pool.rb:135:in `block in spawn_thread'
  [1m[35m (60.1ms)[0m  [1m[35mCREATE DATABASE "rails_development" ENCODING = 'unicode'[0m
  ↳ /usr/local/bundle/bin/rake:23
  [1m[35m (0.9ms)[0m  [1m[35mCREATE DATABASE "rails_development" ENCODING = 'unicode'[0m
  ↳ /usr/local/bundle/bin/rake:23
  [1m[35m (9.8ms)[0m  [1m[35mCREATE TABLE "schema_migrations" ("version" character varying NOT NULL PRIMARY KEY)[0m
  ↳ /usr/local/bundle/bin/rake:23
  [1m[35m (4.6ms)[0m  [1m[35mCREATE TABLE "ar_internal_metadata" ("key" character varying NOT NULL PRIMARY KEY, "value" character varying, "created_at" timestamp NOT NULL, "updated_at" timestamp NOT NULL)[0m
  ↳ /usr/local/bundle/bin/rake:23
  [1m[35m (0.6ms)[0m  [1m[34mSELECT pg_try_advisory_lock(5466295435480968270)[0m
  ↳ /usr/local/bundle/bin/rake:23
  [1m[35m (0.9ms)[0m  [1m[34mSELECT "schema_migrations"."version" FROM "schema_migrations" ORDER BY "schema_migrations"."version" ASC[0m
  ↳ /usr/local/bundle/bin/rake:23
Migrating to CreateSharks (20190927142853)
  [1m[35m (0.4ms)[0m  [1m[35mBEGIN[0m
  ↳ /usr/local/bundle/bin/rake:23
  [1m[35m (7.7ms)[0m  [1m[35mCREATE TABLE "sharks" ("id" bigserial primary key, "name" character varying, "facts" text, "created_at" timestamp NOT NULL, "updated_at" timestamp NOT NULL)[0m
  ↳ db/migrate/20190927142853_create_sharks.rb:3
  [1m[36mActiveRecord::SchemaMigration Create (0.8ms)[0m  [1m[32mINSERT INTO "schema_migrations" ("version") VALUES ($1) RETURNING "version"[0m  [["version", "20190927142853"]]
  ↳ /usr/local/bundle/bin/rake:23
  [1m[35m (0.8ms)[0m  [1m[35mCOMMIT[0m
  ↳ /usr/local/bundle/bin/rake:23
Migrating to CreatePosts (20190927143639)
  [1m[35m (0.4ms)[0m  [1m[35mBEGIN[0m
  ↳ /usr/local/bundle/bin/rake:23
  [1m[35m (6.7ms)[0m  [1m[35mCREATE TABLE "posts" ("id" bigserial primary key, "body" text, "shark_id" bigint, "created_at" timestamp NOT NULL, "updated_at" timestamp NOT NULL, CONSTRAINT "fk_rails_366380e067"
FOREIGN KEY ("shark_id")
  REFERENCES "sharks" ("id")
)[0m
  ↳ db/migrate/20190927143639_create_posts.rb:3
  [1m[35m (3.4ms)[0m  [1m[35mCREATE  INDEX  "index_posts_on_shark_id" ON "posts"  ("shark_id")[0m
  ↳ db/migrate/20190927143639_create_posts.rb:3
  [1m[36mActiveRecord::SchemaMigration Create (0.9ms)[0m  [1m[32mINSERT INTO "schema_migrations" ("version") VALUES ($1) RETURNING "version"[0m  [["version", "20190927143639"]]
  ↳ /usr/local/bundle/bin/rake:23
  [1m[35m (1.2ms)[0m  [1m[35mCOMMIT[0m
  ↳ /usr/local/bundle/bin/rake:23
Migrating to CreateEndangereds (20191120132043)
  [1m[35m (0.5ms)[0m  [1m[35mBEGIN[0m
  ↳ /usr/local/bundle/bin/rake:23
  [1m[35m (5.8ms)[0m  [1m[35mCREATE TABLE "endangereds" ("id" bigserial primary key, "name" character varying, "iucn" character varying, "created_at" timestamp NOT NULL, "updated_at" timestamp NOT NULL)[0m
  ↳ db/migrate/20191120132043_create_endangereds.rb:3
  [1m[36mActiveRecord::SchemaMigration Create (0.5ms)[0m  [1m[32mINSERT INTO "schema_migrations" ("version") VALUES ($1) RETURNING "version"[0m  [["version", "20191120132043"]]
  ↳ /usr/local/bundle/bin/rake:23
  [1m[35m (0.6ms)[0m  [1m[35mCOMMIT[0m
  ↳ /usr/local/bundle/bin/rake:23
  [1m[36mActiveRecord::InternalMetadata Load (0.9ms)[0m  [1m[34mSELECT  "ar_internal_metadata".* FROM "ar_internal_metadata" WHERE "ar_internal_metadata"."key" = $1 LIMIT $2[0m  [["key", "environment"], ["LIMIT", 1]]
  ↳ /usr/local/bundle/bin/rake:23
  [1m[35m (0.4ms)[0m  [1m[35mBEGIN[0m
  ↳ /usr/local/bundle/bin/rake:23
  [1m[36mActiveRecord::InternalMetadata Create (0.9ms)[0m  [1m[32mINSERT INTO "ar_internal_metadata" ("key", "value", "created_at", "updated_at") VALUES ($1, $2, $3, $4) RETURNING "key"[0m  [["key", "environment"], ["value", "development"], ["created_at", "2020-04-09 19:30:31.457057"], ["updated_at", "2020-04-09 19:30:31.457057"]]
  ↳ /usr/local/bundle/bin/rake:23
  [1m[35m (2.3ms)[0m  [1m[35mCOMMIT[0m
  ↳ /usr/local/bundle/bin/rake:23
  [1m[35m (0.8ms)[0m  [1m[34mSELECT pg_advisory_unlock(5466295435480968270)[0m
  ↳ /usr/local/bundle/bin/rake:23
  [1m[35m (0.6ms)[0m  [1m[34mSELECT "schema_migrations"."version" FROM "schema_migrations" ORDER BY "schema_migrations"."version" ASC[0m
  ↳ /usr/local/bundle/bin/rake:23
Started GET "/" for 172.21.0.1 at 2020-04-09 19:30:37 +0000
Cannot render console from 172.21.0.1! Allowed networks: 127.0.0.1, ::1, 127.0.0.0/127.255.255.255
  [1m[35m (1.5ms)[0m  [1m[34mSELECT "schema_migrations"."version" FROM "schema_migrations" ORDER BY "schema_migrations"."version" ASC[0m
  ↳ /usr/local/bundle/gems/activerecord-5.2.3/lib/active_record/log_subscriber.rb:98
Processing by HomeController#index as HTML
  Rendering home/index.html.erb within layouts/application
  Rendered home/index.html.erb within layouts/application (1.1ms)
[Webpacker] Compiling…
[Webpacker] Compiled all packs in /app/public/packs
[Webpacker] Browserslist: caniuse-lite is outdated. Please run next command `yarn upgrade`

  Rendered layouts/_navigation.html.erb (1.0ms)
Completed 200 OK in 19700ms (Views: 19685.8ms | ActiveRecord: 0.0ms)


Started GET "/home/index" for 172.21.0.1 at 2020-04-09 19:31:02 +0000
Cannot render console from 172.21.0.1! Allowed networks: 127.0.0.1, ::1, 127.0.0.0/127.255.255.255
Processing by HomeController#index as HTML
  Rendering home/index.html.erb within layouts/application
  Rendered home/index.html.erb within layouts/application (1.7ms)
  Rendered layouts/_navigation.html.erb (1.3ms)
Completed 200 OK in 31ms (Views: 29.0ms | ActiveRecord: 0.0ms)


Started GET "/sharks" for 172.21.0.1 at 2020-04-09 19:31:03 +0000
Cannot render console from 172.21.0.1! Allowed networks: 127.0.0.1, ::1, 127.0.0.0/127.255.255.255
Processing by SharksController#index as HTML
  Rendering sharks/index.html.erb within layouts/sharks
  [1m[36mShark Load (1.2ms)[0m  [1m[34mSELECT "sharks".* FROM "sharks"[0m
  ↳ app/views/sharks/index.html.erb:15
  Rendered sharks/index.html.erb within layouts/sharks (10.5ms)
  Rendering layouts/application.html.erb
  Rendered layouts/_navigation.html.erb (1.1ms)
  Rendered layouts/application.html.erb (32.7ms)
Completed 200 OK in 55ms (Views: 41.2ms | ActiveRecord: 6.7ms)


Started GET "/sharks/new" for 172.21.0.1 at 2020-04-09 19:31:06 +0000
Cannot render console from 172.21.0.1! Allowed networks: 127.0.0.1, ::1, 127.0.0.0/127.255.255.255
Processing by SharksController#new as HTML
Filter chain halted as #<Proc:0x0000559f6069bd60@/usr/local/bundle/gems/actionpack-5.2.3/lib/action_controller/metal/http_authentication.rb:72> rendered or redirected
Completed 401 Unauthorized in 1ms (ActiveRecord: 0.0ms)


Started GET "/home/index" for 172.21.0.1 at 2020-04-09 19:31:13 +0000
Cannot render console from 172.21.0.1! Allowed networks: 127.0.0.1, ::1, 127.0.0.0/127.255.255.255
Processing by HomeController#index as HTML
  Rendering home/index.html.erb within layouts/application
  Rendered home/index.html.erb within layouts/application (1.2ms)
  Rendered layouts/_navigation.html.erb (0.9ms)
Completed 200 OK in 33ms (Views: 31.0ms | ActiveRecord: 0.0ms)


  [1m[35m (1.5ms)[0m  [1m[34mSELECT "schema_migrations"."version" FROM "schema_migrations" ORDER BY "schema_migrations"."version" ASC[0m
  ↳ /usr/local/bundle/bin/rake:23
  [1m[35m (0.4ms)[0m  [1m[35mBEGIN[0m
  ↳ db/seeds.rb:2
  [1m[36mShark Exists (1.5ms)[0m  [1m[34mSELECT  1 AS one FROM "sharks" WHERE "sharks"."name" = $1 LIMIT $2[0m  [["name", "Great White"], ["LIMIT", 1]]
  ↳ db/seeds.rb:2
  [1m[36mShark Create (1.3ms)[0m  [1m[32mINSERT INTO "sharks" ("name", "facts", "created_at", "updated_at") VALUES ($1, $2, $3, $4) RETURNING "id"[0m  [["name", "Great White"], ["facts", "Scary"], ["created_at", "2020-04-09 19:31:28.899931"], ["updated_at", "2020-04-09 19:31:28.899931"]]
  ↳ db/seeds.rb:2
  [1m[35m (4.4ms)[0m  [1m[35mCOMMIT[0m
  ↳ db/seeds.rb:2
  [1m[35m (0.4ms)[0m  [1m[35mBEGIN[0m
  ↳ db/seeds.rb:2
  [1m[36mShark Exists (0.6ms)[0m  [1m[34mSELECT  1 AS one FROM "sharks" WHERE "sharks"."name" = $1 LIMIT $2[0m  [["name", "Megalodon"], ["LIMIT", 1]]
  ↳ db/seeds.rb:2
  [1m[36mShark Create (0.7ms)[0m  [1m[32mINSERT INTO "sharks" ("name", "facts", "created_at", "updated_at") VALUES ($1, $2, $3, $4) RETURNING "id"[0m  [["name", "Megalodon"], ["facts", "Ancient"], ["created_at", "2020-04-09 19:31:28.911908"], ["updated_at", "2020-04-09 19:31:28.911908"]]
  ↳ db/seeds.rb:2
  [1m[35m (0.6ms)[0m  [1m[35mCOMMIT[0m
  ↳ db/seeds.rb:2
  [1m[35m (0.3ms)[0m  [1m[35mBEGIN[0m
  ↳ db/seeds.rb:2
  [1m[36mShark Exists (0.7ms)[0m  [1m[34mSELECT  1 AS one FROM "sharks" WHERE "sharks"."name" = $1 LIMIT $2[0m  [["name", "Hammerhead"], ["LIMIT", 1]]
  ↳ db/seeds.rb:2
  [1m[36mShark Create (0.6ms)[0m  [1m[32mINSERT INTO "sharks" ("name", "facts", "created_at", "updated_at") VALUES ($1, $2, $3, $4) RETURNING "id"[0m  [["name", "Hammerhead"], ["facts", "Hammer-like"], ["created_at", "2020-04-09 19:31:28.917846"], ["updated_at", "2020-04-09 19:31:28.917846"]]
  ↳ db/seeds.rb:2
  [1m[35m (0.6ms)[0m  [1m[35mCOMMIT[0m
  ↳ db/seeds.rb:2
  [1m[35m (0.3ms)[0m  [1m[35mBEGIN[0m
  ↳ db/seeds.rb:2
  [1m[36mShark Exists (0.6ms)[0m  [1m[34mSELECT  1 AS one FROM "sharks" WHERE "sharks"."name" = $1 LIMIT $2[0m  [["name", "Speartooth"], ["LIMIT", 1]]
  ↳ db/seeds.rb:2
  [1m[36mShark Create (0.7ms)[0m  [1m[32mINSERT INTO "sharks" ("name", "facts", "created_at", "updated_at") VALUES ($1, $2, $3, $4) RETURNING "id"[0m  [["name", "Speartooth"], ["facts", "Endangered"], ["created_at", "2020-04-09 19:31:28.924851"], ["updated_at", "2020-04-09 19:31:28.924851"]]
  ↳ db/seeds.rb:2
  [1m[35m (0.5ms)[0m  [1m[35mCOMMIT[0m
  ↳ db/seeds.rb:2
  [1m[35m (0.4ms)[0m  [1m[35mBEGIN[0m
  ↳ db/seeds.rb:3
  [1m[36mPost Create (2.4ms)[0m  [1m[32mINSERT INTO "posts" ("body", "shark_id", "created_at", "updated_at") VALUES ($1, $2, $3, $4) RETURNING "id"[0m  [["body", "These sharks are misunderstood"], ["shark_id", 1], ["created_at", "2020-04-09 19:31:28.953214"], ["updated_at", "2020-04-09 19:31:28.953214"]]
  ↳ db/seeds.rb:3
  [1m[35m (1.1ms)[0m  [1m[35mCOMMIT[0m
  ↳ db/seeds.rb:3
Started GET "/home/index" for 172.21.0.1 at 2020-04-09 19:31:33 +0000
Cannot render console from 172.21.0.1! Allowed networks: 127.0.0.1, ::1, 127.0.0.0/127.255.255.255
Processing by HomeController#index as HTML
  Rendering home/index.html.erb within layouts/application
  Rendered home/index.html.erb within layouts/application (1.3ms)
  Rendered layouts/_navigation.html.erb (0.8ms)
Completed 200 OK in 30ms (Views: 27.9ms | ActiveRecord: 0.0ms)


Started GET "/sharks" for 172.21.0.1 at 2020-04-09 19:31:37 +0000
Cannot render console from 172.21.0.1! Allowed networks: 127.0.0.1, ::1, 127.0.0.0/127.255.255.255
Processing by SharksController#index as HTML
  Rendering sharks/index.html.erb within layouts/sharks
  [1m[36mShark Load (1.1ms)[0m  [1m[34mSELECT "sharks".* FROM "sharks"[0m
  ↳ app/views/sharks/index.html.erb:15
  Rendered sharks/index.html.erb within layouts/sharks (34.8ms)
  Rendering layouts/application.html.erb
  Rendered layouts/_navigation.html.erb (0.8ms)
  Rendered layouts/application.html.erb (26.1ms)
Completed 200 OK in 68ms (Views: 60.0ms | ActiveRecord: 5.9ms)


Started GET "/sharks/new" for 172.21.0.1 at 2020-04-09 19:50:28 +0000
Cannot render console from 172.21.0.1! Allowed networks: 127.0.0.1, ::1, 127.0.0.0/127.255.255.255
Processing by SharksController#new as HTML
Filter chain halted as #<Proc:0x0000559f6069bd60@/usr/local/bundle/gems/actionpack-5.2.3/lib/action_controller/metal/http_authentication.rb:72> rendered or redirected
Completed 401 Unauthorized in 2ms (ActiveRecord: 0.0ms)


Started GET "/sharks/new" for 172.21.0.1 at 2020-04-09 19:50:34 +0000
Cannot render console from 172.21.0.1! Allowed networks: 127.0.0.1, ::1, 127.0.0.0/127.255.255.255
Processing by SharksController#new as HTML
  Rendering sharks/new.html.erb within layouts/sharks
  Rendered sharks/_form.html.erb (38.0ms)
  Rendered sharks/new.html.erb within layouts/sharks (39.8ms)
  Rendering layouts/application.html.erb
  Rendered layouts/_navigation.html.erb (1.4ms)
  Rendered layouts/application.html.erb (27.2ms)
Completed 200 OK in 75ms (Views: 71.1ms | ActiveRecord: 0.0ms)


Started POST "/sharks" for 172.21.0.1 at 2020-04-09 19:50:54 +0000
Cannot render console from 172.21.0.1! Allowed networks: 127.0.0.1, ::1, 127.0.0.0/127.255.255.255
Processing by SharksController#create as HTML
  Parameters: {"utf8"=>"✓", "authenticity_token"=>"rAxabnqhMGUhUk6gz3ddukBkyegGWuzLOFJso9y0q/E25TpdtLTvwQRSjRWY9jkSv4KZj+u/HU3HrrnYs3f3XQ==", "shark"=>{"name"=>"babay", "facts"=>"Karai beibe shark"}, "commit"=>"Create Shark"}
Filter chain halted as #<Proc:0x0000559f6069bd60@/usr/local/bundle/gems/actionpack-5.2.3/lib/action_controller/metal/http_authentication.rb:72> rendered or redirected
Completed 401 Unauthorized in 1ms (ActiveRecord: 0.0ms)


Started POST "/sharks" for 172.21.0.1 at 2020-04-09 19:50:54 +0000
Cannot render console from 172.21.0.1! Allowed networks: 127.0.0.1, ::1, 127.0.0.0/127.255.255.255
Processing by SharksController#create as HTML
  Parameters: {"utf8"=>"✓", "authenticity_token"=>"rAxabnqhMGUhUk6gz3ddukBkyegGWuzLOFJso9y0q/E25TpdtLTvwQRSjRWY9jkSv4KZj+u/HU3HrrnYs3f3XQ==", "shark"=>{"name"=>"babay", "facts"=>"Karai beibe shark"}, "commit"=>"Create Shark"}
  [1m[35m (0.5ms)[0m  [1m[35mBEGIN[0m
  ↳ app/controllers/sharks_controller.rb:30
  [1m[36mShark Exists (1.6ms)[0m  [1m[34mSELECT  1 AS one FROM "sharks" WHERE "sharks"."name" = $1 LIMIT $2[0m  [["name", "babay"], ["LIMIT", 1]]
  ↳ app/controllers/sharks_controller.rb:30
  [1m[36mShark Create (0.9ms)[0m  [1m[32mINSERT INTO "sharks" ("name", "facts", "created_at", "updated_at") VALUES ($1, $2, $3, $4) RETURNING "id"[0m  [["name", "babay"], ["facts", "Karai beibe shark"], ["created_at", "2020-04-09 19:50:54.853406"], ["updated_at", "2020-04-09 19:50:54.853406"]]
  ↳ app/controllers/sharks_controller.rb:30
  [1m[35m (2.6ms)[0m  [1m[35mCOMMIT[0m
  ↳ app/controllers/sharks_controller.rb:30
Redirected to http://localhost:3000/sharks/5
Completed 302 Found in 31ms (ActiveRecord: 5.5ms)


Started GET "/sharks/5" for 172.21.0.1 at 2020-04-09 19:50:54 +0000
Cannot render console from 172.21.0.1! Allowed networks: 127.0.0.1, ::1, 127.0.0.0/127.255.255.255
Processing by SharksController#show as HTML
  Parameters: {"id"=>"5"}
  [1m[36mShark Load (0.6ms)[0m  [1m[34mSELECT  "sharks".* FROM "sharks" WHERE "sharks"."id" = $1 LIMIT $2[0m  [["id", 5], ["LIMIT", 1]]
  ↳ app/controllers/sharks_controller.rb:67
  Rendering sharks/show.html.erb within layouts/sharks
  Rendered sharks/_posts.html.erb (53.5ms)
  [1m[36mPost Load (1.1ms)[0m  [1m[34mSELECT "posts".* FROM "posts" WHERE "posts"."shark_id" = $1[0m  [["shark_id", 5]]
  ↳ app/views/sharks/_all.html.erb:1
  Rendered sharks/_all.html.erb (4.9ms)
  Rendered sharks/show.html.erb within layouts/sharks (61.7ms)
  Rendering layouts/application.html.erb
  Rendered layouts/_navigation.html.erb (0.8ms)
  Rendered layouts/application.html.erb (23.3ms)
Completed 200 OK in 95ms (Views: 72.5ms | ActiveRecord: 17.8ms)


Started GET "/sharks" for 172.21.0.1 at 2020-04-09 19:50:59 +0000
Cannot render console from 172.21.0.1! Allowed networks: 127.0.0.1, ::1, 127.0.0.0/127.255.255.255
Processing by SharksController#index as HTML
  Rendering sharks/index.html.erb within layouts/sharks
  [1m[36mShark Load (1.2ms)[0m  [1m[34mSELECT "sharks".* FROM "sharks"[0m
  ↳ app/views/sharks/index.html.erb:15
  Rendered sharks/index.html.erb within layouts/sharks (7.7ms)
  Rendering layouts/application.html.erb
  Rendered layouts/_navigation.html.erb (1.1ms)
  Rendered layouts/application.html.erb (27.5ms)
Completed 200 OK in 42ms (Views: 39.4ms | ActiveRecord: 1.2ms)


Started GET "/home/index" for 172.21.0.1 at 2020-04-09 19:52:03 +0000
Cannot render console from 172.21.0.1! Allowed networks: 127.0.0.1, ::1, 127.0.0.0/127.255.255.255
Processing by HomeController#index as HTML
  Rendering home/index.html.erb within layouts/application
  Rendered home/index.html.erb within layouts/application (1.2ms)
  Rendered layouts/_navigation.html.erb (0.7ms)
Completed 200 OK in 31ms (Views: 27.9ms | ActiveRecord: 0.0ms)


Started GET "/endangered/index" for 172.21.0.1 at 2020-04-09 19:52:07 +0000
Cannot render console from 172.21.0.1! Allowed networks: 127.0.0.1, ::1, 127.0.0.0/127.255.255.255
Processing by EndangeredController#index as HTML
  [1m[36mEndangered Load (1.2ms)[0m  [1m[34mSELECT "endangereds".* FROM "endangereds"[0m
  ↳ app/controllers/endangered_controller.rb:5
  Rendering endangered/index.html.erb within layouts/endangered
  Rendered endangered/index.html.erb within layouts/endangered (2.5ms)
  Rendering layouts/application.html.erb
  Rendered layouts/_navigation.html.erb (1.1ms)
  Rendered layouts/application.html.erb (26.4ms)
Completed 200 OK in 44ms (Views: 34.5ms | ActiveRecord: 4.7ms)


Started POST "/endangered/upload" for 172.21.0.1 at 2020-04-09 19:52:23 +0000
Cannot render console from 172.21.0.1! Allowed networks: 127.0.0.1, ::1, 127.0.0.0/127.255.255.255
Processing by EndangeredController#upload as HTML
  Parameters: {"utf8"=>"✓", "authenticity_token"=>"KI6TxmG//t0KVQro8m9M2E7loLx+Dejj1MZcQAx+QpEDo4PYrsaPNKlgpAM4d8l5en8aReDQo9i71Us1fTwvBA==", "commit"=>"Import Endangered Sharks"}
Redirected to http://localhost:3000/endangered/data
Completed 302 Found in 35ms (ActiveRecord: 0.0ms)


Started GET "/endangered/data" for 172.21.0.1 at 2020-04-09 19:52:23 +0000
Cannot render console from 172.21.0.1! Allowed networks: 127.0.0.1, ::1, 127.0.0.0/127.255.255.255
Processing by EndangeredController#data as HTML
  Rendering endangered/data.html.erb within layouts/endangered
  [1m[36mEndangered Load (0.8ms)[0m  [1m[34mSELECT "endangereds".* FROM "endangereds"[0m
  ↳ app/views/endangered/data.html.erb:18
  Rendered endangered/data.html.erb within layouts/endangered (4.2ms)
  Rendering layouts/application.html.erb
  Rendered layouts/_navigation.html.erb (1.3ms)
  Rendered layouts/application.html.erb (33.5ms)
Completed 200 OK in 47ms (Views: 43.2ms | ActiveRecord: 0.8ms)


  [1m[35m (0.3ms)[0m  [1m[35mBEGIN[0m
  ↳ app/workers/add_endangered_worker.rb:8
  [1m[36mEndangered Create (1.7ms)[0m  [1m[32mINSERT INTO "endangereds" ("name", "iucn", "created_at", "updated_at") VALUES ($1, $2, $3, $4) RETURNING "id"[0m  [["name", "pelagic-thresher-shark"], ["iucn", "vu"], ["created_at", "2020-04-09 19:52:23.610932"], ["updated_at", "2020-04-09 19:52:23.610932"]]
  ↳ app/workers/add_endangered_worker.rb:8
  [1m[35m (1.4ms)[0m  [1m[35mCOMMIT[0m
  ↳ app/workers/add_endangered_worker.rb:8
  [1m[35m (0.5ms)[0m  [1m[35mBEGIN[0m
  ↳ app/workers/add_endangered_worker.rb:8
  [1m[36mEndangered Create (0.7ms)[0m  [1m[32mINSERT INTO "endangereds" ("name", "iucn", "created_at", "updated_at") VALUES ($1, $2, $3, $4) RETURNING "id"[0m  [["name", "bigeye-thresher"], ["iucn", "vu"], ["created_at", "2020-04-09 19:52:23.633044"], ["updated_at", "2020-04-09 19:52:23.633044"]]
  ↳ app/workers/add_endangered_worker.rb:8
  [1m[35m (0.8ms)[0m  [1m[35mCOMMIT[0m
  ↳ app/workers/add_endangered_worker.rb:8
  [1m[35m (0.6ms)[0m  [1m[35mBEGIN[0m
  ↳ app/workers/add_endangered_worker.rb:8
  [1m[36mEndangered Create (0.6ms)[0m  [1m[32mINSERT INTO "endangereds" ("name", "iucn", "created_at", "updated_at") VALUES ($1, $2, $3, $4) RETURNING "id"[0m  [["name", "common-thresher"], ["iucn", "vu"], ["created_at", "2020-04-09 19:52:23.639032"], ["updated_at", "2020-04-09 19:52:23.639032"]]
  ↳ app/workers/add_endangered_worker.rb:8
  [1m[35m (0.6ms)[0m  [1m[35mCOMMIT[0m
  ↳ app/workers/add_endangered_worker.rb:8
  [1m[35m (0.3ms)[0m  [1m[35mBEGIN[0m
  ↳ app/workers/add_endangered_worker.rb:8
  [1m[36mEndangered Create (0.5ms)[0m  [1m[32mINSERT INTO "endangereds" ("name", "iucn", "created_at", "updated_at") VALUES ($1, $2, $3, $4) RETURNING "id"[0m  [["name", "bali-catshark"], ["iucn", "vu"], ["created_at", "2020-04-09 19:52:23.643567"], ["updated_at", "2020-04-09 19:52:23.643567"]]
  ↳ app/workers/add_endangered_worker.rb:8
  [1m[35m (0.5ms)[0m  [1m[35mCOMMIT[0m
  ↳ app/workers/add_endangered_worker.rb:8
  [1m[35m (0.3ms)[0m  [1m[35mBEGIN[0m
  ↳ app/workers/add_endangered_worker.rb:8
  [1m[36mEndangered Create (0.5ms)[0m  [1m[32mINSERT INTO "endangereds" ("name", "iucn", "created_at", "updated_at") VALUES ($1, $2, $3, $4) RETURNING "id"[0m  [["name", "new-caledonia-catshark"], ["iucn", "vu"], ["created_at", "2020-04-09 19:52:23.647861"], ["updated_at", "2020-04-09 19:52:23.647861"]]
  ↳ app/workers/add_endangered_worker.rb:8
  [1m[35m (0.5ms)[0m  [1m[35mCOMMIT[0m
  ↳ app/workers/add_endangered_worker.rb:8
  [1m[35m (0.5ms)[0m  [1m[35mBEGIN[0m
  ↳ app/workers/add_endangered_worker.rb:8
  [1m[36mEndangered Create (0.7ms)[0m  [1m[32mINSERT INTO "endangereds" ("name", "iucn", "created_at", "updated_at") VALUES ($1, $2, $3, $4) RETURNING "id"[0m  [["name", "bluegrey-carpetshark"], ["iucn", "vu"], ["created_at", "2020-04-09 19:52:23.652688"], ["updated_at", "2020-04-09 19:52:23.652688"]]
  ↳ app/workers/add_endangered_worker.rb:8
  [1m[35m (0.9ms)[0m  [1m[35mCOMMIT[0m
  ↳ app/workers/add_endangered_worker.rb:8
  [1m[35m (1.3ms)[0m  [1m[35mBEGIN[0m
  ↳ app/workers/add_endangered_worker.rb:8
  [1m[36mEndangered Create (0.8ms)[0m  [1m[32mINSERT INTO "endangereds" ("name", "iucn", "created_at", "updated_at") VALUES ($1, $2, $3, $4) RETURNING "id"[0m  [["name", "borneo-shark"], ["iucn", "en"], ["created_at", "2020-04-09 19:52:23.658922"], ["updated_at", "2020-04-09 19:52:23.658922"]]
  ↳ app/workers/add_endangered_worker.rb:8
  [1m[35m (4.1ms)[0m  [1m[35mCOMMIT[0m
  ↳ app/workers/add_endangered_worker.rb:8
  [1m[35m (0.3ms)[0m  [1m[35mBEGIN[0m
  ↳ app/workers/add_endangered_worker.rb:8
  [1m[36mEndangered Create (3.5ms)[0m  [1m[32mINSERT INTO "endangereds" ("name", "iucn", "created_at", "updated_at") VALUES ($1, $2, $3, $4) RETURNING "id"[0m  [["name", "pondicherry-shark"], ["iucn", "cr"], ["created_at", "2020-04-09 19:52:23.667270"], ["updated_at", "2020-04-09 19:52:23.667270"]]
  ↳ app/workers/add_endangered_worker.rb:8
  [1m[35m (1.6ms)[0m  [1m[35mCOMMIT[0m
  ↳ app/workers/add_endangered_worker.rb:8
  [1m[35m (0.6ms)[0m  [1m[35mBEGIN[0m
  ↳ app/workers/add_endangered_worker.rb:8
  [1m[36mEndangered Create (1.5ms)[0m  [1m[32mINSERT INTO "endangereds" ("name", "iucn", "created_at", "updated_at") VALUES ($1, $2, $3, $4) RETURNING "id"[0m  [["name", "smoothtooth-blacktip-shark"], ["iucn", "vu"], ["created_at", "2020-04-09 19:52:23.677463"], ["updated_at", "2020-04-09 19:52:23.677463"]]
  ↳ app/workers/add_endangered_worker.rb:8
  [1m[35m (1.5ms)[0m  [1m[35mCOMMIT[0m
  ↳ app/workers/add_endangered_worker.rb:8
  [1m[35m (0.6ms)[0m  [1m[35mBEGIN[0m
  ↳ app/workers/add_endangered_worker.rb:8
  [1m[36mEndangered Create (0.9ms)[0m  [1m[32mINSERT INTO "endangereds" ("name", "iucn", "created_at", "updated_at") VALUES ($1, $2, $3, $4) RETURNING "id"[0m  [["name", "oceanic-whitetip-shark"], ["iucn", "vu"], ["created_at", "2020-04-09 19:52:23.685531"], ["updated_at", "2020-04-09 19:52:23.685531"]]
  ↳ app/workers/add_endangered_worker.rb:8
  [1m[35m (0.6ms)[0m  [1m[35mCOMMIT[0m
  ↳ app/workers/add_endangered_worker.rb:8
  [1m[35m (0.3ms)[0m  [1m[35mBEGIN[0m
  ↳ app/workers/add_endangered_worker.rb:8
  [1m[36mEndangered Create (0.7ms)[0m  [1m[32mINSERT INTO "endangereds" ("name", "iucn", "created_at", "updated_at") VALUES ($1, $2, $3, $4) RETURNING "id"[0m  [["name", "dusky-shark"], ["iucn", "vu"], ["created_at", "2020-04-09 19:52:23.690903"], ["updated_at", "2020-04-09 19:52:23.690903"]]
  ↳ app/workers/add_endangered_worker.rb:8
  [1m[35m (0.5ms)[0m  [1m[35mCOMMIT[0m
  ↳ app/workers/add_endangered_worker.rb:8
  [1m[35m (0.3ms)[0m  [1m[35mBEGIN[0m
  ↳ app/workers/add_endangered_worker.rb:8
  [1m[36mEndangered Create (0.6ms)[0m  [1m[32mINSERT INTO "endangereds" ("name", "iucn", "created_at", "updated_at") VALUES ($1, $2, $3, $4) RETURNING "id"[0m  [["name", "sandbar-shark"], ["iucn", "vu"], ["created_at", "2020-04-09 19:52:23.695067"], ["updated_at", "2020-04-09 19:52:23.695067"]]
  ↳ app/workers/add_endangered_worker.rb:8
  [1m[35m (1.6ms)[0m  [1m[35mCOMMIT[0m
  ↳ app/workers/add_endangered_worker.rb:8
  [1m[35m (0.8ms)[0m  [1m[35mBEGIN[0m
  ↳ app/workers/add_endangered_worker.rb:8
  [1m[36mEndangered Create (1.1ms)[0m  [1m[32mINSERT INTO "endangereds" ("name", "iucn", "created_at", "updated_at") VALUES ($1, $2, $3, $4) RETURNING "id"[0m  [["name", "night-shark"], ["iucn", "vu"], ["created_at", "2020-04-09 19:52:23.702143"], ["updated_at", "2020-04-09 19:52:23.702143"]]
  ↳ app/workers/add_endangered_worker.rb:8
  [1m[35m (0.7ms)[0m  [1m[35mCOMMIT[0m
  ↳ app/workers/add_endangered_worker.rb:8
  [1m[35m (0.3ms)[0m  [1m[35mBEGIN[0m
  ↳ app/workers/add_endangered_worker.rb:8
  [1m[36mEndangered Create (0.6ms)[0m  [1m[32mINSERT INTO "endangereds" ("name", "iucn", "created_at", "updated_at") VALUES ($1, $2, $3, $4) RETURNING "id"[0m  [["name", "sand-tiger"], ["iucn", "vu"], ["created_at", "2020-04-09 19:52:23.707429"], ["updated_at", "2020-04-09 19:52:23.707429"]]
  ↳ app/workers/add_endangered_worker.rb:8
  [1m[35m (0.6ms)[0m  [1m[35mCOMMIT[0m
  ↳ app/workers/add_endangered_worker.rb:8
  [1m[35m (1.2ms)[0m  [1m[35mBEGIN[0m
  ↳ app/workers/add_endangered_worker.rb:8
  [1m[36mEndangered Create (1.6ms)[0m  [1m[32mINSERT INTO "endangereds" ("name", "iucn", "created_at", "updated_at") VALUES ($1, $2, $3, $4) RETURNING "id"[0m  [["name", "great-white-shark"], ["iucn", "vu"], ["created_at", "2020-04-09 19:52:23.713022"], ["updated_at", "2020-04-09 19:52:23.713022"]]
  ↳ app/workers/add_endangered_worker.rb:8
  [1m[35m (1.5ms)[0m  [1m[35mCOMMIT[0m
  ↳ app/workers/add_endangered_worker.rb:8
  [1m[35m (1.5ms)[0m  [1m[35mBEGIN[0m
  ↳ app/workers/add_endangered_worker.rb:8
  [1m[36mEndangered Create (0.5ms)[0m  [1m[32mINSERT INTO "endangereds" ("name", "iucn", "created_at", "updated_at") VALUES ($1, $2, $3, $4) RETURNING "id"[0m  [["name", "gulper-shark"], ["iucn", "vu"], ["created_at", "2020-04-09 19:52:23.721612"], ["updated_at", "2020-04-09 19:52:23.721612"]]
  ↳ app/workers/add_endangered_worker.rb:8
  [1m[35m (0.4ms)[0m  [1m[35mCOMMIT[0m
  ↳ app/workers/add_endangered_worker.rb:8
  [1m[35m (0.3ms)[0m  [1m[35mBEGIN[0m
  ↳ app/workers/add_endangered_worker.rb:8
  [1m[36mEndangered Create (0.6ms)[0m  [1m[32mINSERT INTO "endangereds" ("name", "iucn", "created_at", "updated_at") VALUES ($1, $2, $3, $4) RETURNING "id"[0m  [["name", "dumb-gulper-shark"], ["iucn", "en"], ["created_at", "2020-04-09 19:52:23.725370"], ["updated_at", "2020-04-09 19:52:23.725370"]]
  ↳ app/workers/add_endangered_worker.rb:8
  [1m[35m (0.5ms)[0m  [1m[35mCOMMIT[0m
  ↳ app/workers/add_endangered_worker.rb:8
  [1m[35m (0.3ms)[0m  [1m[35mBEGIN[0m
  ↳ app/workers/add_endangered_worker.rb:8
  [1m[36mEndangered Create (0.7ms)[0m  [1m[32mINSERT INTO "endangereds" ("name", "iucn", "created_at", "updated_at") VALUES ($1, $2, $3, $4) RETURNING "id"[0m  [["name", "lowfin-gulper-shark"], ["iucn", "vu"], ["created_at", "2020-04-09 19:52:23.729641"], ["updated_at", "2020-04-09 19:52:23.729641"]]
  ↳ app/workers/add_endangered_worker.rb:8
  [1m[35m (2.9ms)[0m  [1m[35mCOMMIT[0m
  ↳ app/workers/add_endangered_worker.rb:8
  [1m[35m (0.7ms)[0m  [1m[35mBEGIN[0m
  ↳ app/workers/add_endangered_worker.rb:8
  [1m[36mEndangered Create (0.8ms)[0m  [1m[32mINSERT INTO "endangereds" ("name", "iucn", "created_at", "updated_at") VALUES ($1, $2, $3, $4) RETURNING "id"[0m  [["name", "deepwater-spiny-dogfish"], ["iucn", "vu"], ["created_at", "2020-04-09 19:52:23.739335"], ["updated_at", "2020-04-09 19:52:23.739335"]]
  ↳ app/workers/add_endangered_worker.rb:8
  [1m[35m (0.5ms)[0m  [1m[35mCOMMIT[0m
  ↳ app/workers/add_endangered_worker.rb:8
  [1m[35m (0.2ms)[0m  [1m[35mBEGIN[0m
  ↳ app/workers/add_endangered_worker.rb:8
  [1m[36mEndangered Create (0.5ms)[0m  [1m[32mINSERT INTO "endangereds" ("name", "iucn", "created_at", "updated_at") VALUES ($1, $2, $3, $4) RETURNING "id"[0m  [["name", "basking-shark"], ["iucn", "vu"], ["created_at", "2020-04-09 19:52:23.743597"], ["updated_at", "2020-04-09 19:52:23.743597"]]
  ↳ app/workers/add_endangered_worker.rb:8
  [1m[35m (0.9ms)[0m  [1m[35mCOMMIT[0m
  ↳ app/workers/add_endangered_worker.rb:8
  [1m[35m (1.4ms)[0m  [1m[35mBEGIN[0m
  ↳ app/workers/add_endangered_worker.rb:8
  [1m[36mEndangered Create (0.8ms)[0m  [1m[32mINSERT INTO "endangereds" ("name", "iucn", "created_at", "updated_at") VALUES ($1, $2, $3, $4) RETURNING "id"[0m  [["name", "hooktooth-shark"], ["iucn", "vu"], ["created_at", "2020-04-09 19:52:23.749186"], ["updated_at", "2020-04-09 19:52:23.749186"]]
  ↳ app/workers/add_endangered_worker.rb:8
  [1m[35m (0.7ms)[0m  [1m[35mCOMMIT[0m
  ↳ app/workers/add_endangered_worker.rb:8
  [1m[35m (0.3ms)[0m  [1m[35mBEGIN[0m
  ↳ app/workers/add_endangered_worker.rb:8
  [1m[36mEndangered Create (0.5ms)[0m  [1m[32mINSERT INTO "endangereds" ("name", "iucn", "created_at", "updated_at") VALUES ($1, $2, $3, $4) RETURNING "id"[0m  [["name", "school-shark"], ["iucn", "vu"], ["created_at", "2020-04-09 19:52:23.754264"], ["updated_at", "2020-04-09 19:52:23.754264"]]
  ↳ app/workers/add_endangered_worker.rb:8
  [1m[35m (0.5ms)[0m  [1m[35mCOMMIT[0m
  ↳ app/workers/add_endangered_worker.rb:8
  [1m[35m (0.2ms)[0m  [1m[35mBEGIN[0m
  ↳ app/workers/add_endangered_worker.rb:8
  [1m[36mEndangered Create (0.5ms)[0m  [1m[32mINSERT INTO "endangereds" ("name", "iucn", "created_at", "updated_at") VALUES ($1, $2, $3, $4) RETURNING "id"[0m  [["name", "southern-sawtail-catshark"], ["iucn", "vu"], ["created_at", "2020-04-09 19:52:23.758139"], ["updated_at", "2020-04-09 19:52:23.758139"]]
  ↳ app/workers/add_endangered_worker.rb:8
  [1m[35m (0.7ms)[0m  [1m[35mCOMMIT[0m
  ↳ app/workers/add_endangered_worker.rb:8
  [1m[35m (1.3ms)[0m  [1m[35mBEGIN[0m
  ↳ app/workers/add_endangered_worker.rb:8
  [1m[36mEndangered Create (1.3ms)[0m  [1m[32mINSERT INTO "endangereds" ("name", "iucn", "created_at", "updated_at") VALUES ($1, $2, $3, $4) RETURNING "id"[0m  [["name", "ganges-shark"], ["iucn", "cr"], ["created_at", "2020-04-09 19:52:23.763515"], ["updated_at", "2020-04-09 19:52:23.763515"]]
  ↳ app/workers/add_endangered_worker.rb:8
  [1m[35m (0.8ms)[0m  [1m[35mCOMMIT[0m
  ↳ app/workers/add_endangered_worker.rb:8
  [1m[35m (0.4ms)[0m  [1m[35mBEGIN[0m
  ↳ app/workers/add_endangered_worker.rb:8
  [1m[36mEndangered Create (0.7ms)[0m  [1m[32mINSERT INTO "endangereds" ("name", "iucn", "created_at", "updated_at") VALUES ($1, $2, $3, $4) RETURNING "id"[0m  [["name", "new-guinea-river-shark"], ["iucn", "cr"], ["created_at", "2020-04-09 19:52:23.769519"], ["updated_at", "2020-04-09 19:52:23.769519"]]
  ↳ app/workers/add_endangered_worker.rb:8
  [1m[35m (0.5ms)[0m  [1m[35mCOMMIT[0m
  ↳ app/workers/add_endangered_worker.rb:8
  [1m[35m (0.2ms)[0m  [1m[35mBEGIN[0m
  ↳ app/workers/add_endangered_worker.rb:8
  [1m[36mEndangered Create (0.5ms)[0m  [1m[32mINSERT INTO "endangereds" ("name", "iucn", "created_at", "updated_at") VALUES ($1, $2, $3, $4) RETURNING "id"[0m  [["name", "speartooth-shark"], ["iucn", "en"], ["created_at", "2020-04-09 19:52:23.773668"], ["updated_at", "2020-04-09 19:52:23.773668"]]
  ↳ app/workers/add_endangered_worker.rb:8
  [1m[35m (0.5ms)[0m  [1m[35mCOMMIT[0m
  ↳ app/workers/add_endangered_worker.rb:8
  [1m[35m (0.3ms)[0m  [1m[35mBEGIN[0m
  ↳ app/workers/add_endangered_worker.rb:8
  [1m[36mEndangered Create (1.4ms)[0m  [1m[32mINSERT INTO "endangereds" ("name", "iucn", "created_at", "updated_at") VALUES ($1, $2, $3, $4) RETURNING "id"[0m  [["name", "irrawaddy-river-shark"], ["iucn", "cr"], ["created_at", "2020-04-09 19:52:23.777626"], ["updated_at", "2020-04-09 19:52:23.777626"]]
  ↳ app/workers/add_endangered_worker.rb:8
  [1m[35m (1.0ms)[0m  [1m[35mCOMMIT[0m
  ↳ app/workers/add_endangered_worker.rb:8
  [1m[35m (0.5ms)[0m  [1m[35mBEGIN[0m
  ↳ app/workers/add_endangered_worker.rb:8
  [1m[36mEndangered Create (0.7ms)[0m  [1m[32mINSERT INTO "endangereds" ("name", "iucn", "created_at", "updated_at") VALUES ($1, $2, $3, $4) RETURNING "id"[0m  [["name", "brown-shyshark"], ["iucn", "vu"], ["created_at", "2020-04-09 19:52:23.783897"], ["updated_at", "2020-04-09 19:52:23.783897"]]
  ↳ app/workers/add_endangered_worker.rb:8
  [1m[35m (0.7ms)[0m  [1m[35mCOMMIT[0m
  ↳ app/workers/add_endangered_worker.rb:8
  [1m[35m (0.3ms)[0m  [1m[35mBEGIN[0m
  ↳ app/workers/add_endangered_worker.rb:8
  [1m[36mEndangered Create (0.6ms)[0m  [1m[32mINSERT INTO "endangereds" ("name", "iucn", "created_at", "updated_at") VALUES ($1, $2, $3, $4) RETURNING "id"[0m  [["name", "natal-shyshark"], ["iucn", "cr"], ["created_at", "2020-04-09 19:52:23.788607"], ["updated_at", "2020-04-09 19:52:23.788607"]]
  ↳ app/workers/add_endangered_worker.rb:8
  [1m[35m (0.5ms)[0m  [1m[35mCOMMIT[0m
  ↳ app/workers/add_endangered_worker.rb:8
  [1m[35m (0.2ms)[0m  [1m[35mBEGIN[0m
  ↳ app/workers/add_endangered_worker.rb:8
  [1m[36mEndangered Create (0.6ms)[0m  [1m[32mINSERT INTO "endangereds" ("name", "iucn", "created_at", "updated_at") VALUES ($1, $2, $3, $4) RETURNING "id"[0m  [["name", "sick-fin-weasel-shark"], ["iucn", "vu"], ["created_at", "2020-04-09 19:52:23.791770"], ["updated_at", "2020-04-09 19:52:23.791770"]]
  ↳ app/workers/add_endangered_worker.rb:8
  [1m[35m (1.0ms)[0m  [1m[35mCOMMIT[0m
  ↳ app/workers/add_endangered_worker.rb:8
  [1m[35m (0.3ms)[0m  [1m[35mBEGIN[0m
  ↳ app/workers/add_endangered_worker.rb:8
  [1m[36mEndangered Create (0.6ms)[0m  [1m[32mINSERT INTO "endangereds" ("name", "iucn", "created_at", "updated_at") VALUES ($1, $2, $3, $4) RETURNING "id"[0m  [["name", "snaggletooth-shark"], ["iucn", "vu "], ["created_at", "2020-04-09 19:52:23.796362"], ["updated_at", "2020-04-09 19:52:23.796362"]]
  ↳ app/workers/add_endangered_worker.rb:8
  [1m[35m (1.1ms)[0m  [1m[35mCOMMIT[0m
  ↳ app/workers/add_endangered_worker.rb:8
  [1m[35m (0.4ms)[0m  [1m[35mBEGIN[0m
  ↳ app/workers/add_endangered_worker.rb:8
  [1m[36mEndangered Create (0.8ms)[0m  [1m[32mINSERT INTO "endangereds" ("name", "iucn", "created_at", "updated_at") VALUES ($1, $2, $3, $4) RETURNING "id"[0m  [["name", "papuan-epaulette-shark"], ["iucn", "vu"], ["created_at", "2020-04-09 19:52:23.801157"], ["updated_at", "2020-04-09 19:52:23.801157"]]
  ↳ app/workers/add_endangered_worker.rb:8
  [1m[35m (0.8ms)[0m  [1m[35mCOMMIT[0m
  ↳ app/workers/add_endangered_worker.rb:8
  [1m[35m (0.3ms)[0m  [1m[35mBEGIN[0m
  ↳ app/workers/add_endangered_worker.rb:8
  [1m[36mEndangered Create (0.5ms)[0m  [1m[32mINSERT INTO "endangereds" ("name", "iucn", "created_at", "updated_at") VALUES ($1, $2, $3, $4) RETURNING "id"[0m  [["name", "hooded-carpet-shark"], ["iucn", "vu"], ["created_at", "2020-04-09 19:52:23.806455"], ["updated_at", "2020-04-09 19:52:23.806455"]]
  ↳ app/workers/add_endangered_worker.rb:8
  [1m[35m (0.4ms)[0m  [1m[35mCOMMIT[0m
  ↳ app/workers/add_endangered_worker.rb:8
  [1m[35m (0.2ms)[0m  [1m[35mBEGIN[0m
  ↳ app/workers/add_endangered_worker.rb:8
  [1m[36mEndangered Create (0.4ms)[0m  [1m[32mINSERT INTO "endangereds" ("name", "iucn", "created_at", "updated_at") VALUES ($1, $2, $3, $4) RETURNING "id"[0m  [["name", "whitefin-topeshark"], ["iucn", "en"], ["created_at", "2020-04-09 19:52:23.809748"], ["updated_at", "2020-04-09 19:52:23.809748"]]
  ↳ app/workers/add_endangered_worker.rb:8
  [1m[35m (0.5ms)[0m  [1m[35mCOMMIT[0m
  ↳ app/workers/add_endangered_worker.rb:8
  [1m[35m (0.6ms)[0m  [1m[35mBEGIN[0m
  ↳ app/workers/add_endangered_worker.rb:8
  [1m[36mEndangered Create (0.8ms)[0m  [1m[32mINSERT INTO "endangereds" ("name", "iucn", "created_at", "updated_at") VALUES ($1, $2, $3, $4) RETURNING "id"[0m  [["name", "honeycomb-izak"], ["iucn", "en"], ["created_at", "2020-04-09 19:52:23.813717"], ["updated_at", "2020-04-09 19:52:23.813717"]]
  ↳ app/workers/add_endangered_worker.rb:8
  [1m[35m (0.7ms)[0m  [1m[35mCOMMIT[0m
  ↳ app/workers/add_endangered_worker.rb:8
  [1m[35m (0.3ms)[0m  [1m[35mBEGIN[0m
  ↳ app/workers/add_endangered_worker.rb:8
  [1m[36mEndangered Create (0.8ms)[0m  [1m[32mINSERT INTO "endangereds" ("name", "iucn", "created_at", "updated_at") VALUES ($1, $2, $3, $4) RETURNING "id"[0m  [["name", "whitespotted-izak"], ["iucn", "en"], ["created_at", "2020-04-09 19:52:23.818931"], ["updated_at", "2020-04-09 19:52:23.818931"]]
  ↳ app/workers/add_endangered_worker.rb:8
  [1m[35m (0.5ms)[0m  [1m[35mCOMMIT[0m
  ↳ app/workers/add_endangered_worker.rb:8
  [1m[35m (0.2ms)[0m  [1m[35mBEGIN[0m
  ↳ app/workers/add_endangered_worker.rb:8
  [1m[36mEndangered Create (0.5ms)[0m  [1m[32mINSERT INTO "endangereds" ("name", "iucn", "created_at", "updated_at") VALUES ($1, $2, $3, $4) RETURNING "id"[0m  [["name", "daggernose-shark"], ["iucn", "cr"], ["created_at", "2020-04-09 19:52:23.822829"], ["updated_at", "2020-04-09 19:52:23.822829"]]
  ↳ app/workers/add_endangered_worker.rb:8
  [1m[35m (0.5ms)[0m  [1m[35mCOMMIT[0m
  ↳ app/workers/add_endangered_worker.rb:8
  [1m[35m (0.4ms)[0m  [1m[35mBEGIN[0m
  ↳ app/workers/add_endangered_worker.rb:8
  [1m[36mEndangered Create (0.7ms)[0m  [1m[32mINSERT INTO "endangereds" ("name", "iucn", "created_at", "updated_at") VALUES ($1, $2, $3, $4) RETURNING "id"[0m  [["name", "shortfin-mako"], ["iucn", "vu"], ["created_at", "2020-04-09 19:52:23.826647"], ["updated_at", "2020-04-09 19:52:23.826647"]]
  ↳ app/workers/add_endangered_worker.rb:8
  [1m[35m (1.8ms)[0m  [1m[35mCOMMIT[0m
  ↳ app/workers/add_endangered_worker.rb:8
  [1m[35m (0.3ms)[0m  [1m[35mBEGIN[0m
  ↳ app/workers/add_endangered_worker.rb:8
  [1m[36mEndangered Create (0.6ms)[0m  [1m[32mINSERT INTO "endangereds" ("name", "iucn", "created_at", "updated_at") VALUES ($1, $2, $3, $4) RETURNING "id"[0m  [["name", "longfin-mako"], ["iucn", "vu"], ["created_at", "2020-04-09 19:52:23.840385"], ["updated_at", "2020-04-09 19:52:23.840385"]]
  ↳ app/workers/add_endangered_worker.rb:8
  [1m[35m (0.5ms)[0m  [1m[35mCOMMIT[0m
  ↳ app/workers/add_endangered_worker.rb:8
  [1m[35m (0.3ms)[0m  [1m[35mBEGIN[0m
  ↳ app/workers/add_endangered_worker.rb:8
  [1m[36mEndangered Create (0.6ms)[0m  [1m[32mINSERT INTO "endangereds" ("name", "iucn", "created_at", "updated_at") VALUES ($1, $2, $3, $4) RETURNING "id"[0m  [["name", "broadfin-shark"], ["iucn", "en"], ["created_at", "2020-04-09 19:52:23.844258"], ["updated_at", "2020-04-09 19:52:23.844258"]]
  ↳ app/workers/add_endangered_worker.rb:8
  [1m[35m (0.5ms)[0m  [1m[35mCOMMIT[0m
  ↳ app/workers/add_endangered_worker.rb:8
  [1m[35m (0.6ms)[0m  [1m[35mBEGIN[0m
  ↳ app/workers/add_endangered_worker.rb:8
  [1m[36mEndangered Create (1.1ms)[0m  [1m[32mINSERT INTO "endangereds" ("name", "iucn", "created_at", "updated_at") VALUES ($1, $2, $3, $4) RETURNING "id"[0m  [["name", "porbeagle"], ["iucn", "vu"], ["created_at", "2020-04-09 19:52:23.849081"], ["updated_at", "2020-04-09 19:52:23.849081"]]
  ↳ app/workers/add_endangered_worker.rb:8
  [1m[35m (1.1ms)[0m  [1m[35mCOMMIT[0m
  ↳ app/workers/add_endangered_worker.rb:8
  [1m[35m (0.3ms)[0m  [1m[35mBEGIN[0m
  ↳ app/workers/add_endangered_worker.rb:8
  [1m[36mEndangered Create (0.6ms)[0m  [1m[32mINSERT INTO "endangereds" ("name", "iucn", "created_at", "updated_at") VALUES ($1, $2, $3, $4) RETURNING "id"[0m  [["name", "striped-smoothhound"], ["iucn", "cr"], ["created_at", "2020-04-09 19:52:23.855514"], ["updated_at", "2020-04-09 19:52:23.855514"]]
  ↳ app/workers/add_endangered_worker.rb:8
  [1m[35m (0.4ms)[0m  [1m[35mCOMMIT[0m
  ↳ app/workers/add_endangered_worker.rb:8
  [1m[35m (0.2ms)[0m  [1m[35mBEGIN[0m
  ↳ app/workers/add_endangered_worker.rb:8
  [1m[36mEndangered Create (0.5ms)[0m  [1m[32mINSERT INTO "endangereds" ("name", "iucn", "created_at", "updated_at") VALUES ($1, $2, $3, $4) RETURNING "id"[0m  [["name", "common-smoothhound"], ["iucn", "en"], ["created_at", "2020-04-09 19:52:23.859384"], ["updated_at", "2020-04-09 19:52:23.859384"]]
  ↳ app/workers/add_endangered_worker.rb:8
  [1m[35m (0.5ms)[0m  [1m[35mCOMMIT[0m
  ↳ app/workers/add_endangered_worker.rb:8
  [1m[35m (0.3ms)[0m  [1m[35mBEGIN[0m
  ↳ app/workers/add_endangered_worker.rb:8
  [1m[36mEndangered Create (1.1ms)[0m  [1m[32mINSERT INTO "endangereds" ("name", "iucn", "created_at", "updated_at") VALUES ($1, $2, $3, $4) RETURNING "id"[0m  [["name", "narrownose-smoothhound"], ["iucn", "en"], ["created_at", "2020-04-09 19:52:23.863350"], ["updated_at", "2020-04-09 19:52:23.863350"]]
  ↳ app/workers/add_endangered_worker.rb:8
  [1m[35m (0.8ms)[0m  [1m[35mCOMMIT[0m
  ↳ app/workers/add_endangered_worker.rb:8
  [1m[35m (0.4ms)[0m  [1m[35mBEGIN[0m
  ↳ app/workers/add_endangered_worker.rb:8
  [1m[36mEndangered Create (0.6ms)[0m  [1m[32mINSERT INTO "endangereds" ("name", "iucn", "created_at", "updated_at") VALUES ($1, $2, $3, $4) RETURNING "id"[0m  [["name", "humpback-smoothhound"], ["iucn", "vu"], ["created_at", "2020-04-09 19:52:23.869924"], ["updated_at", "2020-04-09 19:52:23.869924"]]
  ↳ app/workers/add_endangered_worker.rb:8
  [1m[35m (0.5ms)[0m  [1m[35mCOMMIT[0m
  ↳ app/workers/add_endangered_worker.rb:8
  [1m[35m (0.2ms)[0m  [1m[35mBEGIN[0m
  ↳ app/workers/add_endangered_worker.rb:8
  [1m[36mEndangered Create (0.8ms)[0m  [1m[32mINSERT INTO "endangereds" ("name", "iucn", "created_at", "updated_at") VALUES ($1, $2, $3, $4) RETURNING "id"[0m  [["name", "tawny-nurse-shark"], ["iucn", "vu"], ["created_at", "2020-04-09 19:52:23.873995"], ["updated_at", "2020-04-09 19:52:23.873995"]]
  ↳ app/workers/add_endangered_worker.rb:8
  [1m[35m (0.5ms)[0m  [1m[35mCOMMIT[0m
  ↳ app/workers/add_endangered_worker.rb:8
  [1m[35m (0.3ms)[0m  [1m[35mBEGIN[0m
  ↳ app/workers/add_endangered_worker.rb:8
  [1m[36mEndangered Create (0.9ms)[0m  [1m[32mINSERT INTO "endangereds" ("name", "iucn", "created_at", "updated_at") VALUES ($1, $2, $3, $4) RETURNING "id"[0m  [["name", "sharptooth-lemon-shark"], ["iucn", "vu"], ["created_at", "2020-04-09 19:52:23.880242"], ["updated_at", "2020-04-09 19:52:23.880242"]]
  ↳ app/workers/add_endangered_worker.rb:8
  [1m[35m (0.8ms)[0m  [1m[35mCOMMIT[0m
  ↳ app/workers/add_endangered_worker.rb:8
  [1m[35m (0.4ms)[0m  [1m[35mBEGIN[0m
  ↳ app/workers/add_endangered_worker.rb:8
  [1m[36mEndangered Create (0.7ms)[0m  [1m[32mINSERT INTO "endangereds" ("name", "iucn", "created_at", "updated_at") VALUES ($1, $2, $3, $4) RETURNING "id"[0m  [["name", "smalltooth-sand-tiger-shark"], ["iucn", "vu"], ["created_at", "2020-04-09 19:52:23.886048"], ["updated_at", "2020-04-09 19:52:23.886048"]]
  ↳ app/workers/add_endangered_worker.rb:8
  [1m[35m (0.6ms)[0m  [1m[35mCOMMIT[0m
  ↳ app/workers/add_endangered_worker.rb:8
  [1m[35m (0.3ms)[0m  [1m[35mBEGIN[0m
  ↳ app/workers/add_endangered_worker.rb:8
  [1m[36mEndangered Create (0.5ms)[0m  [1m[32mINSERT INTO "endangereds" ("name", "iucn", "created_at", "updated_at") VALUES ($1, $2, $3, $4) RETURNING "id"[0m  [["name", "angular-rough-shark"], ["iucn", "vu"], ["created_at", "2020-04-09 19:52:23.889734"], ["updated_at", "2020-04-09 19:52:23.889734"]]
  ↳ app/workers/add_endangered_worker.rb:8
  [1m[35m (0.4ms)[0m  [1m[35mCOMMIT[0m
  ↳ app/workers/add_endangered_worker.rb:8
  [1m[35m (0.2ms)[0m  [1m[35mBEGIN[0m
  ↳ app/workers/add_endangered_worker.rb:8
  [1m[36mEndangered Create (0.7ms)[0m  [1m[32mINSERT INTO "endangereds" ("name", "iucn", "created_at", "updated_at") VALUES ($1, $2, $3, $4) RETURNING "id"[0m  [["name", "shorttail-nurse-shark"], ["iucn", "vu"], ["created_at", "2020-04-09 19:52:23.893119"], ["updated_at", "2020-04-09 19:52:23.893119"]]
  ↳ app/workers/add_endangered_worker.rb:8
  [1m[35m (1.1ms)[0m  [1m[35mCOMMIT[0m
  ↳ app/workers/add_endangered_worker.rb:8
  [1m[35m (0.4ms)[0m  [1m[35mBEGIN[0m
  ↳ app/workers/add_endangered_worker.rb:8
  [1m[36mEndangered Create (1.0ms)[0m  [1m[32mINSERT INTO "endangereds" ("name", "iucn", "created_at", "updated_at") VALUES ($1, $2, $3, $4) RETURNING "id"[0m  [["name", "whale-shark"], ["iucn", "vu"], ["created_at", "2020-04-09 19:52:23.898031"], ["updated_at", "2020-04-09 19:52:23.898031"]]
  ↳ app/workers/add_endangered_worker.rb:8
  [1m[35m (1.0ms)[0m  [1m[35mCOMMIT[0m
  ↳ app/workers/add_endangered_worker.rb:8
  [1m[35m (0.4ms)[0m  [1m[35mBEGIN[0m
  ↳ app/workers/add_endangered_worker.rb:8
  [1m[36mEndangered Create (0.6ms)[0m  [1m[32mINSERT INTO "endangereds" ("name", "iucn", "created_at", "updated_at") VALUES ($1, $2, $3, $4) RETURNING "id"[0m  [["name", "lizard-catshark"], ["iucn", "vu"], ["created_at", "2020-04-09 19:52:23.904917"], ["updated_at", "2020-04-09 19:52:23.904917"]]
  ↳ app/workers/add_endangered_worker.rb:8
  [1m[35m (0.5ms)[0m  [1m[35mCOMMIT[0m
  ↳ app/workers/add_endangered_worker.rb:8
  [1m[35m (0.3ms)[0m  [1m[35mBEGIN[0m
  ↳ app/workers/add_endangered_worker.rb:8
  [1m[36mEndangered Create (0.4ms)[0m  [1m[32mINSERT INTO "endangereds" ("name", "iucn", "created_at", "updated_at") VALUES ($1, $2, $3, $4) RETURNING "id"[0m  [["name", "flapnose-houndshark"], ["iucn", "vu"], ["created_at", "2020-04-09 19:52:23.908839"], ["updated_at", "2020-04-09 19:52:23.908839"]]
  ↳ app/workers/add_endangered_worker.rb:8
  [1m[35m (0.5ms)[0m  [1m[35mCOMMIT[0m
  ↳ app/workers/add_endangered_worker.rb:8
  [1m[35m (0.3ms)[0m  [1m[35mBEGIN[0m
  ↳ app/workers/add_endangered_worker.rb:8
  [1m[36mEndangered Create (0.6ms)[0m  [1m[32mINSERT INTO "endangereds" ("name", "iucn", "created_at", "updated_at") VALUES ($1, $2, $3, $4) RETURNING "id"[0m  [["name", "scalloped-hammerhead"], ["iucn", "en"], ["created_at", "2020-04-09 19:52:23.912338"], ["updated_at", "2020-04-09 19:52:23.912338"]]
  ↳ app/workers/add_endangered_worker.rb:8
  [1m[35m (0.8ms)[0m  [1m[35mCOMMIT[0m
  ↳ app/workers/add_endangered_worker.rb:8
  [1m[35m (0.4ms)[0m  [1m[35mBEGIN[0m
  ↳ app/workers/add_endangered_worker.rb:8
  [1m[36mEndangered Create (0.8ms)[0m  [1m[32mINSERT INTO "endangereds" ("name", "iucn", "created_at", "updated_at") VALUES ($1, $2, $3, $4) RETURNING "id"[0m  [["name", "great-hammerhead"], ["iucn", "en"], ["created_at", "2020-04-09 19:52:23.917004"], ["updated_at", "2020-04-09 19:52:23.917004"]]
  ↳ app/workers/add_endangered_worker.rb:8
  [1m[35m (0.6ms)[0m  [1m[35mCOMMIT[0m
  ↳ app/workers/add_endangered_worker.rb:8
  [1m[35m (0.3ms)[0m  [1m[35mBEGIN[0m
  ↳ app/workers/add_endangered_worker.rb:8
  [1m[36mEndangered Create (0.6ms)[0m  [1m[32mINSERT INTO "endangereds" ("name", "iucn", "created_at", "updated_at") VALUES ($1, $2, $3, $4) RETURNING "id"[0m  [["name", "smalleye-hammerhead"], ["iucn", "vu"], ["created_at", "2020-04-09 19:52:23.921416"], ["updated_at", "2020-04-09 19:52:23.921416"]]
  ↳ app/workers/add_endangered_worker.rb:8
  [1m[35m (0.4ms)[0m  [1m[35mCOMMIT[0m
  ↳ app/workers/add_endangered_worker.rb:8
  [1m[35m (0.2ms)[0m  [1m[35mBEGIN[0m
  ↳ app/workers/add_endangered_worker.rb:8
  [1m[36mEndangered Create (0.4ms)[0m  [1m[32mINSERT INTO "endangereds" ("name", "iucn", "created_at", "updated_at") VALUES ($1, $2, $3, $4) RETURNING "id"[0m  [["name", "smooth-hammerhead"], ["iucn", "vu"], ["created_at", "2020-04-09 19:52:23.924361"], ["updated_at", "2020-04-09 19:52:23.924361"]]
  ↳ app/workers/add_endangered_worker.rb:8
  [1m[35m (1.1ms)[0m  [1m[35mCOMMIT[0m
  ↳ app/workers/add_endangered_worker.rb:8
  [1m[35m (0.3ms)[0m  [1m[35mBEGIN[0m
  ↳ app/workers/add_endangered_worker.rb:8
  [1m[36mEndangered Create (0.6ms)[0m  [1m[32mINSERT INTO "endangereds" ("name", "iucn", "created_at", "updated_at") VALUES ($1, $2, $3, $4) RETURNING "id"[0m  [["name", "piked-dogfish"], ["iucn", "vu"], ["created_at", "2020-04-09 19:52:23.928366"], ["updated_at", "2020-04-09 19:52:23.928366"]]
  ↳ app/workers/add_endangered_worker.rb:8
  [1m[35m (1.4ms)[0m  [1m[35mCOMMIT[0m
  ↳ app/workers/add_endangered_worker.rb:8
  [1m[35m (0.5ms)[0m  [1m[35mBEGIN[0m
  ↳ app/workers/add_endangered_worker.rb:8
  [1m[36mEndangered Create (0.7ms)[0m  [1m[32mINSERT INTO "endangereds" ("name", "iucn", "created_at", "updated_at") VALUES ($1, $2, $3, $4) RETURNING "id"[0m  [["name", "phillipines-spurdog"], ["iucn", "vu"], ["created_at", "2020-04-09 19:52:23.934164"], ["updated_at", "2020-04-09 19:52:23.934164"]]
  ↳ app/workers/add_endangered_worker.rb:8
  [1m[35m (0.7ms)[0m  [1m[35mCOMMIT[0m
  ↳ app/workers/add_endangered_worker.rb:8
  [1m[35m (0.3ms)[0m  [1m[35mBEGIN[0m
  ↳ app/workers/add_endangered_worker.rb:8
  [1m[36mEndangered Create (0.5ms)[0m  [1m[32mINSERT INTO "endangereds" ("name", "iucn", "created_at", "updated_at") VALUES ($1, $2, $3, $4) RETURNING "id"[0m  [["name", "sawback-angelshark"], ["iucn", "cr"], ["created_at", "2020-04-09 19:52:23.939034"], ["updated_at", "2020-04-09 19:52:23.939034"]]
  ↳ app/workers/add_endangered_worker.rb:8
  [1m[35m (0.5ms)[0m  [1m[35mCOMMIT[0m
  ↳ app/workers/add_endangered_worker.rb:8
  [1m[35m (0.3ms)[0m  [1m[35mBEGIN[0m
  ↳ app/workers/add_endangered_worker.rb:8
  [1m[36mEndangered Create (0.5ms)[0m  [1m[32mINSERT INTO "endangereds" ("name", "iucn", "created_at", "updated_at") VALUES ($1, $2, $3, $4) RETURNING "id"[0m  [["name", "eastern-angel-shark"], ["iucn", "vu"], ["created_at", "2020-04-09 19:52:23.942894"], ["updated_at", "2020-04-09 19:52:23.942894"]]
  ↳ app/workers/add_endangered_worker.rb:8
  [1m[35m (0.6ms)[0m  [1m[35mCOMMIT[0m
  ↳ app/workers/add_endangered_worker.rb:8
  [1m[35m (0.4ms)[0m  [1m[35mBEGIN[0m
  ↳ app/workers/add_endangered_worker.rb:8
  [1m[36mEndangered Create (1.2ms)[0m  [1m[32mINSERT INTO "endangereds" ("name", "iucn", "created_at", "updated_at") VALUES ($1, $2, $3, $4) RETURNING "id"[0m  [["name", "argentine-angel-shark"], ["iucn", "en"], ["created_at", "2020-04-09 19:52:23.947293"], ["updated_at", "2020-04-09 19:52:23.947293"]]
  ↳ app/workers/add_endangered_worker.rb:8
  [1m[35m (0.9ms)[0m  [1m[35mCOMMIT[0m
  ↳ app/workers/add_endangered_worker.rb:8
  [1m[35m (0.5ms)[0m  [1m[35mBEGIN[0m
  ↳ app/workers/add_endangered_worker.rb:8
  [1m[36mEndangered Create (0.6ms)[0m  [1m[32mINSERT INTO "endangereds" ("name", "iucn", "created_at", "updated_at") VALUES ($1, $2, $3, $4) RETURNING "id"[0m  [["name", "taiwan-angelshark"], ["iucn", "en"], ["created_at", "2020-04-09 19:52:23.954020"], ["updated_at", "2020-04-09 19:52:23.954020"]]
  ↳ app/workers/add_endangered_worker.rb:8
  [1m[35m (0.5ms)[0m  [1m[35mCOMMIT[0m
  ↳ app/workers/add_endangered_worker.rb:8
  [1m[35m (0.2ms)[0m  [1m[35mBEGIN[0m
  ↳ app/workers/add_endangered_worker.rb:8
  [1m[36mEndangered Create (0.4ms)[0m  [1m[32mINSERT INTO "endangereds" ("name", "iucn", "created_at", "updated_at") VALUES ($1, $2, $3, $4) RETURNING "id"[0m  [["name", "hidden-angelshark"], ["iucn", "en"], ["created_at", "2020-04-09 19:52:23.957749"], ["updated_at", "2020-04-09 19:52:23.957749"]]
  ↳ app/workers/add_endangered_worker.rb:8
  [1m[35m (0.4ms)[0m  [1m[35mCOMMIT[0m
  ↳ app/workers/add_endangered_worker.rb:8
  [1m[35m (0.3ms)[0m  [1m[35mBEGIN[0m
  ↳ app/workers/add_endangered_worker.rb:8
  [1m[36mEndangered Create (1.4ms)[0m  [1m[32mINSERT INTO "endangereds" ("name", "iucn", "created_at", "updated_at") VALUES ($1, $2, $3, $4) RETURNING "id"[0m  [["name", "japanese-angelshark"], ["iucn", "vu"], ["created_at", "2020-04-09 19:52:23.961071"], ["updated_at", "2020-04-09 19:52:23.961071"]]
  ↳ app/workers/add_endangered_worker.rb:8
  [1m[35m (1.0ms)[0m  [1m[35mCOMMIT[0m
  ↳ app/workers/add_endangered_worker.rb:8
  [1m[35m (0.5ms)[0m  [1m[35mBEGIN[0m
  ↳ app/workers/add_endangered_worker.rb:8
  [1m[36mEndangered Create (0.8ms)[0m  [1m[32mINSERT INTO "endangereds" ("name", "iucn", "created_at", "updated_at") VALUES ($1, $2, $3, $4) RETURNING "id"[0m  [["name", "clouded-angelshark"], ["iucn", "vu"], ["created_at", "2020-04-09 19:52:23.967460"], ["updated_at", "2020-04-09 19:52:23.967460"]]
  ↳ app/workers/add_endangered_worker.rb:8
  [1m[35m (0.7ms)[0m  [1m[35mCOMMIT[0m
  ↳ app/workers/add_endangered_worker.rb:8
  [1m[35m (0.3ms)[0m  [1m[35mBEGIN[0m
  ↳ app/workers/add_endangered_worker.rb:8
  [1m[36mEndangered Create (0.5ms)[0m  [1m[32mINSERT INTO "endangereds" ("name", "iucn", "created_at", "updated_at") VALUES ($1, $2, $3, $4) RETURNING "id"[0m  [["name", "smoothback-angelshark"], ["iucn", "cr"], ["created_at", "2020-04-09 19:52:23.972413"], ["updated_at", "2020-04-09 19:52:23.972413"]]
  ↳ app/workers/add_endangered_worker.rb:8
  [1m[35m (0.5ms)[0m  [1m[35mCOMMIT[0m
  ↳ app/workers/add_endangered_worker.rb:8
  [1m[35m (0.2ms)[0m  [1m[35mBEGIN[0m
  ↳ app/workers/add_endangered_worker.rb:8
  [1m[36mEndangered Create (0.5ms)[0m  [1m[32mINSERT INTO "endangereds" ("name", "iucn", "created_at", "updated_at") VALUES ($1, $2, $3, $4) RETURNING "id"[0m  [["name", "angular-angelshark"], ["iucn", "en"], ["created_at", "2020-04-09 19:52:23.975779"], ["updated_at", "2020-04-09 19:52:23.975779"]]
  ↳ app/workers/add_endangered_worker.rb:8
  [1m[35m (2.6ms)[0m  [1m[35mCOMMIT[0m
  ↳ app/workers/add_endangered_worker.rb:8
  [1m[35m (0.6ms)[0m  [1m[35mBEGIN[0m
  ↳ app/workers/add_endangered_worker.rb:8
  [1m[36mEndangered Create (1.2ms)[0m  [1m[32mINSERT INTO "endangereds" ("name", "iucn", "created_at", "updated_at") VALUES ($1, $2, $3, $4) RETURNING "id"[0m  [["name", "angel-shark"], ["iucn", "cr"], ["created_at", "2020-04-09 19:52:23.983826"], ["updated_at", "2020-04-09 19:52:23.983826"]]
  ↳ app/workers/add_endangered_worker.rb:8
  [1m[35m (0.6ms)[0m  [1m[35mCOMMIT[0m
  ↳ app/workers/add_endangered_worker.rb:8
  [1m[35m (0.3ms)[0m  [1m[35mBEGIN[0m
  ↳ app/workers/add_endangered_worker.rb:8
  [1m[36mEndangered Create (0.5ms)[0m  [1m[32mINSERT INTO "endangereds" ("name", "iucn", "created_at", "updated_at") VALUES ($1, $2, $3, $4) RETURNING "id"[0m  [["name", "ocellated-angelshark"], ["iucn", "vu"], ["created_at", "2020-04-09 19:52:23.990139"], ["updated_at", "2020-04-09 19:52:23.990139"]]
  ↳ app/workers/add_endangered_worker.rb:8
  [1m[35m (0.5ms)[0m  [1m[35mCOMMIT[0m
  ↳ app/workers/add_endangered_worker.rb:8
  [1m[35m (0.2ms)[0m  [1m[35mBEGIN[0m
  ↳ app/workers/add_endangered_worker.rb:8
  [1m[36mEndangered Create (0.7ms)[0m  [1m[32mINSERT INTO "endangereds" ("name", "iucn", "created_at", "updated_at") VALUES ($1, $2, $3, $4) RETURNING "id"[0m  [["name", "zebra-shark"], ["iucn", "vu"], ["created_at", "2020-04-09 19:52:23.993714"], ["updated_at", "2020-04-09 19:52:23.993714"]]
  ↳ app/workers/add_endangered_worker.rb:8
  [1m[35m (0.8ms)[0m  [1m[35mCOMMIT[0m
  ↳ app/workers/add_endangered_worker.rb:8
  [1m[35m (0.3ms)[0m  [1m[35mBEGIN[0m
  ↳ app/workers/add_endangered_worker.rb:8
  [1m[36mEndangered Create (1.3ms)[0m  [1m[32mINSERT INTO "endangereds" ("name", "iucn", "created_at", "updated_at") VALUES ($1, $2, $3, $4) RETURNING "id"[0m  [["name", "sharpfin-houndshark"], ["iucn", "en"], ["created_at", "2020-04-09 19:52:23.998493"], ["updated_at", "2020-04-09 19:52:23.998493"]]
  ↳ app/workers/add_endangered_worker.rb:8
  [1m[35m (0.8ms)[0m  [1m[35mCOMMIT[0m
  ↳ app/workers/add_endangered_worker.rb:8
  [1m[35m (0.4ms)[0m  [1m[35mBEGIN[0m
  ↳ app/workers/add_endangered_worker.rb:8
  [1m[36mEndangered Create (0.6ms)[0m  [1m[32mINSERT INTO "endangereds" ("name", "iucn", "created_at", "updated_at") VALUES ($1, $2, $3, $4) RETURNING "id"[0m  [["name", "spotted-houndshark"], ["iucn", "vu"], ["created_at", "2020-04-09 19:52:24.004461"], ["updated_at", "2020-04-09 19:52:24.004461"]]
  ↳ app/workers/add_endangered_worker.rb:8
  [1m[35m (0.5ms)[0m  [1m[35mCOMMIT[0m
  ↳ app/workers/add_endangered_worker.rb:8
Started GET "/home/index" for 172.21.0.1 at 2020-04-09 19:52:35 +0000
Cannot render console from 172.21.0.1! Allowed networks: 127.0.0.1, ::1, 127.0.0.0/127.255.255.255
Processing by HomeController#index as HTML
  Rendering home/index.html.erb within layouts/application
  Rendered home/index.html.erb within layouts/application (1.6ms)
  Rendered layouts/_navigation.html.erb (0.8ms)
Completed 200 OK in 32ms (Views: 30.1ms | ActiveRecord: 0.0ms)


Started GET "/sharks" for 172.21.0.1 at 2020-04-09 19:52:37 +0000
Cannot render console from 172.21.0.1! Allowed networks: 127.0.0.1, ::1, 127.0.0.0/127.255.255.255
Processing by SharksController#index as HTML
  Rendering sharks/index.html.erb within layouts/sharks
  [1m[36mShark Load (3.9ms)[0m  [1m[34mSELECT "sharks".* FROM "sharks"[0m
  ↳ app/views/sharks/index.html.erb:15
  Rendered sharks/index.html.erb within layouts/sharks (10.7ms)
  Rendering layouts/application.html.erb
  Rendered layouts/_navigation.html.erb (1.0ms)
  Rendered layouts/application.html.erb (30.0ms)
Completed 200 OK in 48ms (Views: 42.3ms | ActiveRecord: 3.9ms)


Started GET "/sharks/5/edit" for 172.21.0.1 at 2020-04-09 19:52:47 +0000
Cannot render console from 172.21.0.1! Allowed networks: 127.0.0.1, ::1, 127.0.0.0/127.255.255.255
Processing by SharksController#edit as HTML
  Parameters: {"id"=>"5"}
  [1m[36mShark Load (0.6ms)[0m  [1m[34mSELECT  "sharks".* FROM "sharks" WHERE "sharks"."id" = $1 LIMIT $2[0m  [["id", 5], ["LIMIT", 1]]
  ↳ app/controllers/sharks_controller.rb:67
  Rendering sharks/edit.html.erb within layouts/sharks
  Rendered sharks/_form.html.erb (4.3ms)
  Rendered sharks/edit.html.erb within layouts/sharks (6.5ms)
  Rendering layouts/application.html.erb
  Rendered layouts/_navigation.html.erb (0.9ms)
  Rendered layouts/application.html.erb (29.8ms)
Completed 200 OK in 46ms (Views: 40.3ms | ActiveRecord: 1.2ms)


Started PATCH "/sharks/5" for 172.21.0.1 at 2020-04-09 19:52:54 +0000
Cannot render console from 172.21.0.1! Allowed networks: 127.0.0.1, ::1, 127.0.0.0/127.255.255.255
Processing by SharksController#update as HTML
  Parameters: {"utf8"=>"✓", "authenticity_token"=>"r8UbewNOXjtBmkjH5d6AQUd1KM05+NULtX3SDGb50BtOx8/orN/3x4Fk/vKvzGCLDbnyztJo4KFvZHwVbAQsdQ==", "shark"=>{"name"=>"babay", "facts"=>"Endangered"}, "commit"=>"Update Shark", "id"=>"5"}
  [1m[36mShark Load (0.5ms)[0m  [1m[34mSELECT  "sharks".* FROM "sharks" WHERE "sharks"."id" = $1 LIMIT $2[0m  [["id", 5], ["LIMIT", 1]]
  ↳ app/controllers/sharks_controller.rb:67
  [1m[35m (0.2ms)[0m  [1m[35mBEGIN[0m
  ↳ app/controllers/sharks_controller.rb:44
  [1m[36mShark Exists (1.1ms)[0m  [1m[34mSELECT  1 AS one FROM "sharks" WHERE "sharks"."name" = $1 AND "sharks"."id" != $2 LIMIT $3[0m  [["name", "babay"], ["id", 5], ["LIMIT", 1]]
  ↳ app/controllers/sharks_controller.rb:44
  [1m[36mShark Update (0.7ms)[0m  [1m[33mUPDATE "sharks" SET "facts" = $1, "updated_at" = $2 WHERE "sharks"."id" = $3[0m  [["facts", "Endangered"], ["updated_at", "2020-04-09 19:52:54.305901"], ["id", 5]]
  ↳ app/controllers/sharks_controller.rb:44
  [1m[35m (7.8ms)[0m  [1m[35mCOMMIT[0m
  ↳ app/controllers/sharks_controller.rb:44
Redirected to http://localhost:3000/sharks/5
Completed 302 Found in 20ms (ActiveRecord: 10.4ms)


Started GET "/sharks/5" for 172.21.0.1 at 2020-04-09 19:52:54 +0000
Cannot render console from 172.21.0.1! Allowed networks: 127.0.0.1, ::1, 127.0.0.0/127.255.255.255
Processing by SharksController#show as HTML
  Parameters: {"id"=>"5"}
  [1m[36mShark Load (0.6ms)[0m  [1m[34mSELECT  "sharks".* FROM "sharks" WHERE "sharks"."id" = $1 LIMIT $2[0m  [["id", 5], ["LIMIT", 1]]
  ↳ app/controllers/sharks_controller.rb:67
  Rendering sharks/show.html.erb within layouts/sharks
  Rendered sharks/_posts.html.erb (5.1ms)
  [1m[36mPost Load (0.5ms)[0m  [1m[34mSELECT "posts".* FROM "posts" WHERE "posts"."shark_id" = $1[0m  [["shark_id", 5]]
  ↳ app/views/sharks/_all.html.erb:1
  Rendered sharks/_all.html.erb (3.1ms)
  Rendered sharks/show.html.erb within layouts/sharks (12.8ms)
  Rendering layouts/application.html.erb
  Rendered layouts/_navigation.html.erb (0.7ms)
  Rendered layouts/application.html.erb (28.9ms)
Completed 200 OK in 51ms (Views: 46.2ms | ActiveRecord: 1.1ms)


Started GET "/home/index" for 172.21.0.1 at 2020-04-09 19:52:56 +0000
Cannot render console from 172.21.0.1! Allowed networks: 127.0.0.1, ::1, 127.0.0.0/127.255.255.255
Processing by HomeController#index as HTML
  Rendering home/index.html.erb within layouts/application
  Rendered home/index.html.erb within layouts/application (0.9ms)
  Rendered layouts/_navigation.html.erb (0.8ms)
Completed 200 OK in 29ms (Views: 26.9ms | ActiveRecord: 0.0ms)


Started GET "/endangered/index" for 172.21.0.1 at 2020-04-09 19:52:58 +0000
Cannot render console from 172.21.0.1! Allowed networks: 127.0.0.1, ::1, 127.0.0.0/127.255.255.255
Processing by EndangeredController#index as HTML
  [1m[36mEndangered Load (1.1ms)[0m  [1m[34mSELECT "endangereds".* FROM "endangereds"[0m
  ↳ app/controllers/endangered_controller.rb:5
Redirected to http://localhost:3000/endangered/data
Completed 302 Found in 23ms (ActiveRecord: 7.5ms)


Started GET "/endangered/data" for 172.21.0.1 at 2020-04-09 19:52:58 +0000
Cannot render console from 172.21.0.1! Allowed networks: 127.0.0.1, ::1, 127.0.0.0/127.255.255.255
Processing by EndangeredController#data as HTML
  Rendering endangered/data.html.erb within layouts/endangered
  [1m[36mEndangered Load (1.3ms)[0m  [1m[34mSELECT "endangereds".* FROM "endangereds"[0m
  ↳ app/views/endangered/data.html.erb:18
  Rendered endangered/data.html.erb within layouts/endangered (8.6ms)
  Rendering layouts/application.html.erb
  Rendered layouts/_navigation.html.erb (1.1ms)
  Rendered layouts/application.html.erb (29.3ms)
Completed 200 OK in 45ms (Views: 41.7ms | ActiveRecord: 1.3ms)


Started GET "/home/index" for 172.21.0.1 at 2020-04-09 19:53:49 +0000
Cannot render console from 172.21.0.1! Allowed networks: 127.0.0.1, ::1, 127.0.0.0/127.255.255.255
Processing by HomeController#index as HTML
  Rendering home/index.html.erb within layouts/application
  Rendered home/index.html.erb within layouts/application (1.4ms)
  Rendered layouts/_navigation.html.erb (1.1ms)
Completed 200 OK in 36ms (Views: 34.3ms | ActiveRecord: 0.0ms)


Started GET "/endangered/index" for 172.21.0.1 at 2020-04-09 19:53:51 +0000
Cannot render console from 172.21.0.1! Allowed networks: 127.0.0.1, ::1, 127.0.0.0/127.255.255.255
Processing by EndangeredController#index as HTML
  [1m[36mEndangered Load (0.6ms)[0m  [1m[34mSELECT "endangereds".* FROM "endangereds"[0m
  ↳ app/controllers/endangered_controller.rb:5
Redirected to http://localhost:3000/endangered/data
Completed 302 Found in 6ms (ActiveRecord: 0.6ms)


Started GET "/endangered/data" for 172.21.0.1 at 2020-04-09 19:53:51 +0000
Cannot render console from 172.21.0.1! Allowed networks: 127.0.0.1, ::1, 127.0.0.0/127.255.255.255
Processing by EndangeredController#data as HTML
  Rendering endangered/data.html.erb within layouts/endangered
  [1m[36mEndangered Load (0.6ms)[0m  [1m[34mSELECT "endangereds".* FROM "endangereds"[0m
  ↳ app/views/endangered/data.html.erb:18
  Rendered endangered/data.html.erb within layouts/endangered (6.8ms)
  Rendering layouts/application.html.erb
  Rendered layouts/_navigation.html.erb (1.5ms)
  Rendered layouts/application.html.erb (32.4ms)
Completed 200 OK in 46ms (Views: 43.4ms | ActiveRecord: 0.6ms)


  [1m[36mShark Load (0.6ms)[0m  [1m[34mSELECT  "sharks".* FROM "sharks" ORDER BY "sharks"."id" DESC LIMIT $1[0m  [["LIMIT", 1]]
  [1m[35m (1.4ms)[0m  [1m[34mSELECT COUNT(*) FROM "endangereds"[0m
Started GET "/" for 172.19.0.1 at 2020-05-20 14:32:30 +0000
Cannot render console from 172.19.0.1! Allowed networks: 127.0.0.1, ::1, 127.0.0.0/127.255.255.255
  
ActiveRecord::NoDatabaseError (FATAL:  database "rails_development" does not exist
):
  
activerecord (5.2.3) lib/active_record/connection_adapters/postgresql_adapter.rb:696:in `rescue in connect'
activerecord (5.2.3) lib/active_record/connection_adapters/postgresql_adapter.rb:691:in `connect'
activerecord (5.2.3) lib/active_record/connection_adapters/postgresql_adapter.rb:223:in `initialize'
activerecord (5.2.3) lib/active_record/connection_adapters/postgresql_adapter.rb:48:in `new'
activerecord (5.2.3) lib/active_record/connection_adapters/postgresql_adapter.rb:48:in `postgresql_connection'
activerecord (5.2.3) lib/active_record/connection_adapters/abstract/connection_pool.rb:811:in `new_connection'
activerecord (5.2.3) lib/active_record/connection_adapters/abstract/connection_pool.rb:855:in `checkout_new_connection'
activerecord (5.2.3) lib/active_record/connection_adapters/abstract/connection_pool.rb:834:in `try_to_checkout_new_connection'
activerecord (5.2.3) lib/active_record/connection_adapters/abstract/connection_pool.rb:795:in `acquire_connection'
activerecord (5.2.3) lib/active_record/connection_adapters/abstract/connection_pool.rb:523:in `checkout'
activerecord (5.2.3) lib/active_record/connection_adapters/abstract/connection_pool.rb:382:in `connection'
activerecord (5.2.3) lib/active_record/connection_adapters/abstract/connection_pool.rb:1014:in `retrieve_connection'
activerecord (5.2.3) lib/active_record/connection_handling.rb:118:in `retrieve_connection'
activerecord (5.2.3) lib/active_record/connection_handling.rb:90:in `connection'
activerecord (5.2.3) lib/active_record/migration.rb:554:in `call'
actionpack (5.2.3) lib/action_dispatch/middleware/callbacks.rb:28:in `block in call'
activesupport (5.2.3) lib/active_support/callbacks.rb:98:in `run_callbacks'
actionpack (5.2.3) lib/action_dispatch/middleware/callbacks.rb:26:in `call'
actionpack (5.2.3) lib/action_dispatch/middleware/executor.rb:14:in `call'
actionpack (5.2.3) lib/action_dispatch/middleware/debug_exceptions.rb:61:in `call'
web-console (3.7.0) lib/web_console/middleware.rb:135:in `call_app'
web-console (3.7.0) lib/web_console/middleware.rb:22:in `block in call'
web-console (3.7.0) lib/web_console/middleware.rb:20:in `catch'
web-console (3.7.0) lib/web_console/middleware.rb:20:in `call'
actionpack (5.2.3) lib/action_dispatch/middleware/show_exceptions.rb:33:in `call'
railties (5.2.3) lib/rails/rack/logger.rb:38:in `call_app'
railties (5.2.3) lib/rails/rack/logger.rb:26:in `block in call'
activesupport (5.2.3) lib/active_support/tagged_logging.rb:71:in `block in tagged'
activesupport (5.2.3) lib/active_support/tagged_logging.rb:28:in `tagged'
activesupport (5.2.3) lib/active_support/tagged_logging.rb:71:in `tagged'
railties (5.2.3) lib/rails/rack/logger.rb:26:in `call'
sprockets-rails (3.2.1) lib/sprockets/rails/quiet_assets.rb:13:in `call'
actionpack (5.2.3) lib/action_dispatch/middleware/remote_ip.rb:81:in `call'
actionpack (5.2.3) lib/action_dispatch/middleware/request_id.rb:27:in `call'
rack (2.0.8) lib/rack/method_override.rb:22:in `call'
rack (2.0.8) lib/rack/runtime.rb:22:in `call'
activesupport (5.2.3) lib/active_support/cache/strategy/local_cache_middleware.rb:29:in `call'
actionpack (5.2.3) lib/action_dispatch/middleware/executor.rb:14:in `call'
actionpack (5.2.3) lib/action_dispatch/middleware/static.rb:127:in `call'
rack (2.0.8) lib/rack/sendfile.rb:111:in `call'
webpacker (4.0.7) lib/webpacker/dev_server_proxy.rb:29:in `perform_request'
rack-proxy (0.6.5) lib/rack/proxy.rb:57:in `call'
railties (5.2.3) lib/rails/engine.rb:524:in `call'
puma (3.12.2) lib/puma/configuration.rb:227:in `call'
puma (3.12.2) lib/puma/server.rb:674:in `handle_request'
puma (3.12.2) lib/puma/server.rb:476:in `process_client'
puma (3.12.2) lib/puma/server.rb:334:in `block in run'
puma (3.12.2) lib/puma/thread_pool.rb:135:in `block in spawn_thread'
Started GET "/" for 172.19.0.1 at 2020-05-20 14:34:05 +0000
Cannot render console from 172.19.0.1! Allowed networks: 127.0.0.1, ::1, 127.0.0.0/127.255.255.255
  
ActiveRecord::NoDatabaseError (FATAL:  database "rails_development" does not exist
):
  
activerecord (5.2.3) lib/active_record/connection_adapters/postgresql_adapter.rb:696:in `rescue in connect'
activerecord (5.2.3) lib/active_record/connection_adapters/postgresql_adapter.rb:691:in `connect'
activerecord (5.2.3) lib/active_record/connection_adapters/postgresql_adapter.rb:223:in `initialize'
activerecord (5.2.3) lib/active_record/connection_adapters/postgresql_adapter.rb:48:in `new'
activerecord (5.2.3) lib/active_record/connection_adapters/postgresql_adapter.rb:48:in `postgresql_connection'
activerecord (5.2.3) lib/active_record/connection_adapters/abstract/connection_pool.rb:811:in `new_connection'
activerecord (5.2.3) lib/active_record/connection_adapters/abstract/connection_pool.rb:855:in `checkout_new_connection'
activerecord (5.2.3) lib/active_record/connection_adapters/abstract/connection_pool.rb:834:in `try_to_checkout_new_connection'
activerecord (5.2.3) lib/active_record/connection_adapters/abstract/connection_pool.rb:795:in `acquire_connection'
activerecord (5.2.3) lib/active_record/connection_adapters/abstract/connection_pool.rb:523:in `checkout'
activerecord (5.2.3) lib/active_record/connection_adapters/abstract/connection_pool.rb:382:in `connection'
activerecord (5.2.3) lib/active_record/connection_adapters/abstract/connection_pool.rb:1014:in `retrieve_connection'
activerecord (5.2.3) lib/active_record/connection_handling.rb:118:in `retrieve_connection'
activerecord (5.2.3) lib/active_record/connection_handling.rb:90:in `connection'
activerecord (5.2.3) lib/active_record/migration.rb:554:in `call'
actionpack (5.2.3) lib/action_dispatch/middleware/callbacks.rb:28:in `block in call'
activesupport (5.2.3) lib/active_support/callbacks.rb:98:in `run_callbacks'
actionpack (5.2.3) lib/action_dispatch/middleware/callbacks.rb:26:in `call'
actionpack (5.2.3) lib/action_dispatch/middleware/executor.rb:14:in `call'
actionpack (5.2.3) lib/action_dispatch/middleware/debug_exceptions.rb:61:in `call'
web-console (3.7.0) lib/web_console/middleware.rb:135:in `call_app'
web-console (3.7.0) lib/web_console/middleware.rb:22:in `block in call'
web-console (3.7.0) lib/web_console/middleware.rb:20:in `catch'
web-console (3.7.0) lib/web_console/middleware.rb:20:in `call'
actionpack (5.2.3) lib/action_dispatch/middleware/show_exceptions.rb:33:in `call'
railties (5.2.3) lib/rails/rack/logger.rb:38:in `call_app'
railties (5.2.3) lib/rails/rack/logger.rb:26:in `block in call'
activesupport (5.2.3) lib/active_support/tagged_logging.rb:71:in `block in tagged'
activesupport (5.2.3) lib/active_support/tagged_logging.rb:28:in `tagged'
activesupport (5.2.3) lib/active_support/tagged_logging.rb:71:in `tagged'
railties (5.2.3) lib/rails/rack/logger.rb:26:in `call'
sprockets-rails (3.2.1) lib/sprockets/rails/quiet_assets.rb:13:in `call'
actionpack (5.2.3) lib/action_dispatch/middleware/remote_ip.rb:81:in `call'
actionpack (5.2.3) lib/action_dispatch/middleware/request_id.rb:27:in `call'
rack (2.0.8) lib/rack/method_override.rb:22:in `call'
rack (2.0.8) lib/rack/runtime.rb:22:in `call'
activesupport (5.2.3) lib/active_support/cache/strategy/local_cache_middleware.rb:29:in `call'
actionpack (5.2.3) lib/action_dispatch/middleware/executor.rb:14:in `call'
actionpack (5.2.3) lib/action_dispatch/middleware/static.rb:127:in `call'
rack (2.0.8) lib/rack/sendfile.rb:111:in `call'
webpacker (4.0.7) lib/webpacker/dev_server_proxy.rb:29:in `perform_request'
rack-proxy (0.6.5) lib/rack/proxy.rb:57:in `call'
railties (5.2.3) lib/rails/engine.rb:524:in `call'
puma (3.12.2) lib/puma/configuration.rb:227:in `call'
puma (3.12.2) lib/puma/server.rb:674:in `handle_request'
puma (3.12.2) lib/puma/server.rb:476:in `process_client'
puma (3.12.2) lib/puma/server.rb:334:in `block in run'
puma (3.12.2) lib/puma/thread_pool.rb:135:in `block in spawn_thread'
Started GET "/" for 172.19.0.1 at 2020-05-20 14:40:45 +0000
Cannot render console from 172.19.0.1! Allowed networks: 127.0.0.1, ::1, 127.0.0.0/127.255.255.255
  
ActiveRecord::NoDatabaseError (FATAL:  database "rails_development" does not exist
):
  
activerecord (5.2.3) lib/active_record/connection_adapters/postgresql_adapter.rb:696:in `rescue in connect'
activerecord (5.2.3) lib/active_record/connection_adapters/postgresql_adapter.rb:691:in `connect'
activerecord (5.2.3) lib/active_record/connection_adapters/postgresql_adapter.rb:223:in `initialize'
activerecord (5.2.3) lib/active_record/connection_adapters/postgresql_adapter.rb:48:in `new'
activerecord (5.2.3) lib/active_record/connection_adapters/postgresql_adapter.rb:48:in `postgresql_connection'
activerecord (5.2.3) lib/active_record/connection_adapters/abstract/connection_pool.rb:811:in `new_connection'
activerecord (5.2.3) lib/active_record/connection_adapters/abstract/connection_pool.rb:855:in `checkout_new_connection'
activerecord (5.2.3) lib/active_record/connection_adapters/abstract/connection_pool.rb:834:in `try_to_checkout_new_connection'
activerecord (5.2.3) lib/active_record/connection_adapters/abstract/connection_pool.rb:795:in `acquire_connection'
activerecord (5.2.3) lib/active_record/connection_adapters/abstract/connection_pool.rb:523:in `checkout'
activerecord (5.2.3) lib/active_record/connection_adapters/abstract/connection_pool.rb:382:in `connection'
activerecord (5.2.3) lib/active_record/connection_adapters/abstract/connection_pool.rb:1014:in `retrieve_connection'
activerecord (5.2.3) lib/active_record/connection_handling.rb:118:in `retrieve_connection'
activerecord (5.2.3) lib/active_record/connection_handling.rb:90:in `connection'
activerecord (5.2.3) lib/active_record/migration.rb:554:in `call'
actionpack (5.2.3) lib/action_dispatch/middleware/callbacks.rb:28:in `block in call'
activesupport (5.2.3) lib/active_support/callbacks.rb:98:in `run_callbacks'
actionpack (5.2.3) lib/action_dispatch/middleware/callbacks.rb:26:in `call'
actionpack (5.2.3) lib/action_dispatch/middleware/executor.rb:14:in `call'
actionpack (5.2.3) lib/action_dispatch/middleware/debug_exceptions.rb:61:in `call'
web-console (3.7.0) lib/web_console/middleware.rb:135:in `call_app'
web-console (3.7.0) lib/web_console/middleware.rb:22:in `block in call'
web-console (3.7.0) lib/web_console/middleware.rb:20:in `catch'
web-console (3.7.0) lib/web_console/middleware.rb:20:in `call'
actionpack (5.2.3) lib/action_dispatch/middleware/show_exceptions.rb:33:in `call'
railties (5.2.3) lib/rails/rack/logger.rb:38:in `call_app'
railties (5.2.3) lib/rails/rack/logger.rb:26:in `block in call'
activesupport (5.2.3) lib/active_support/tagged_logging.rb:71:in `block in tagged'
activesupport (5.2.3) lib/active_support/tagged_logging.rb:28:in `tagged'
activesupport (5.2.3) lib/active_support/tagged_logging.rb:71:in `tagged'
railties (5.2.3) lib/rails/rack/logger.rb:26:in `call'
sprockets-rails (3.2.1) lib/sprockets/rails/quiet_assets.rb:13:in `call'
actionpack (5.2.3) lib/action_dispatch/middleware/remote_ip.rb:81:in `call'
actionpack (5.2.3) lib/action_dispatch/middleware/request_id.rb:27:in `call'
rack (2.0.8) lib/rack/method_override.rb:22:in `call'
rack (2.0.8) lib/rack/runtime.rb:22:in `call'
activesupport (5.2.3) lib/active_support/cache/strategy/local_cache_middleware.rb:29:in `call'
actionpack (5.2.3) lib/action_dispatch/middleware/executor.rb:14:in `call'
actionpack (5.2.3) lib/action_dispatch/middleware/static.rb:127:in `call'
rack (2.0.8) lib/rack/sendfile.rb:111:in `call'
webpacker (4.0.7) lib/webpacker/dev_server_proxy.rb:29:in `perform_request'
rack-proxy (0.6.5) lib/rack/proxy.rb:57:in `call'
railties (5.2.3) lib/rails/engine.rb:524:in `call'
puma (3.12.2) lib/puma/configuration.rb:227:in `call'
puma (3.12.2) lib/puma/server.rb:674:in `handle_request'
puma (3.12.2) lib/puma/server.rb:476:in `process_client'
puma (3.12.2) lib/puma/server.rb:334:in `block in run'
puma (3.12.2) lib/puma/thread_pool.rb:135:in `block in spawn_thread'
Started GET "/" for 172.19.0.1 at 2020-05-20 14:44:20 +0000
Cannot render console from 172.19.0.1! Allowed networks: 127.0.0.1, ::1, 127.0.0.0/127.255.255.255
  
ActiveRecord::NoDatabaseError (FATAL:  database "rails_development" does not exist
):
  
activerecord (5.2.3) lib/active_record/connection_adapters/postgresql_adapter.rb:696:in `rescue in connect'
activerecord (5.2.3) lib/active_record/connection_adapters/postgresql_adapter.rb:691:in `connect'
activerecord (5.2.3) lib/active_record/connection_adapters/postgresql_adapter.rb:223:in `initialize'
activerecord (5.2.3) lib/active_record/connection_adapters/postgresql_adapter.rb:48:in `new'
activerecord (5.2.3) lib/active_record/connection_adapters/postgresql_adapter.rb:48:in `postgresql_connection'
activerecord (5.2.3) lib/active_record/connection_adapters/abstract/connection_pool.rb:811:in `new_connection'
activerecord (5.2.3) lib/active_record/connection_adapters/abstract/connection_pool.rb:855:in `checkout_new_connection'
activerecord (5.2.3) lib/active_record/connection_adapters/abstract/connection_pool.rb:834:in `try_to_checkout_new_connection'
activerecord (5.2.3) lib/active_record/connection_adapters/abstract/connection_pool.rb:795:in `acquire_connection'
activerecord (5.2.3) lib/active_record/connection_adapters/abstract/connection_pool.rb:523:in `checkout'
activerecord (5.2.3) lib/active_record/connection_adapters/abstract/connection_pool.rb:382:in `connection'
activerecord (5.2.3) lib/active_record/connection_adapters/abstract/connection_pool.rb:1014:in `retrieve_connection'
activerecord (5.2.3) lib/active_record/connection_handling.rb:118:in `retrieve_connection'
activerecord (5.2.3) lib/active_record/connection_handling.rb:90:in `connection'
activerecord (5.2.3) lib/active_record/migration.rb:554:in `call'
actionpack (5.2.3) lib/action_dispatch/middleware/callbacks.rb:28:in `block in call'
activesupport (5.2.3) lib/active_support/callbacks.rb:98:in `run_callbacks'
actionpack (5.2.3) lib/action_dispatch/middleware/callbacks.rb:26:in `call'
actionpack (5.2.3) lib/action_dispatch/middleware/executor.rb:14:in `call'
actionpack (5.2.3) lib/action_dispatch/middleware/debug_exceptions.rb:61:in `call'
web-console (3.7.0) lib/web_console/middleware.rb:135:in `call_app'
web-console (3.7.0) lib/web_console/middleware.rb:22:in `block in call'
web-console (3.7.0) lib/web_console/middleware.rb:20:in `catch'
web-console (3.7.0) lib/web_console/middleware.rb:20:in `call'
actionpack (5.2.3) lib/action_dispatch/middleware/show_exceptions.rb:33:in `call'
railties (5.2.3) lib/rails/rack/logger.rb:38:in `call_app'
railties (5.2.3) lib/rails/rack/logger.rb:26:in `block in call'
activesupport (5.2.3) lib/active_support/tagged_logging.rb:71:in `block in tagged'
activesupport (5.2.3) lib/active_support/tagged_logging.rb:28:in `tagged'
activesupport (5.2.3) lib/active_support/tagged_logging.rb:71:in `tagged'
railties (5.2.3) lib/rails/rack/logger.rb:26:in `call'
sprockets-rails (3.2.1) lib/sprockets/rails/quiet_assets.rb:13:in `call'
actionpack (5.2.3) lib/action_dispatch/middleware/remote_ip.rb:81:in `call'
actionpack (5.2.3) lib/action_dispatch/middleware/request_id.rb:27:in `call'
rack (2.0.8) lib/rack/method_override.rb:22:in `call'
rack (2.0.8) lib/rack/runtime.rb:22:in `call'
activesupport (5.2.3) lib/active_support/cache/strategy/local_cache_middleware.rb:29:in `call'
actionpack (5.2.3) lib/action_dispatch/middleware/executor.rb:14:in `call'
actionpack (5.2.3) lib/action_dispatch/middleware/static.rb:127:in `call'
rack (2.0.8) lib/rack/sendfile.rb:111:in `call'
webpacker (4.0.7) lib/webpacker/dev_server_proxy.rb:29:in `perform_request'
rack-proxy (0.6.5) lib/rack/proxy.rb:57:in `call'
railties (5.2.3) lib/rails/engine.rb:524:in `call'
puma (3.12.2) lib/puma/configuration.rb:227:in `call'
puma (3.12.2) lib/puma/server.rb:674:in `handle_request'
puma (3.12.2) lib/puma/server.rb:476:in `process_client'
puma (3.12.2) lib/puma/server.rb:334:in `block in run'
puma (3.12.2) lib/puma/thread_pool.rb:135:in `block in spawn_thread'
  [1m[35m (64.8ms)[0m  [1m[35mCREATE DATABASE "rails_development" ENCODING = 'unicode'[0m
  ↳ /usr/local/bundle/bin/rake:23
  [1m[35m (0.7ms)[0m  [1m[35mCREATE DATABASE "rails_development" ENCODING = 'unicode'[0m
  ↳ /usr/local/bundle/bin/rake:23
Started GET "/" for 172.19.0.1 at 2020-05-20 14:44:47 +0000
Cannot render console from 172.19.0.1! Allowed networks: 127.0.0.1, ::1, 127.0.0.0/127.255.255.255
  
ActiveRecord::PendingMigrationError (

Migrations are pending. To resolve this issue, run:

        bin/rails db:migrate RAILS_ENV=development

):
  
activerecord (5.2.3) lib/active_record/migration.rb:579:in `check_pending!'
activerecord (5.2.3) lib/active_record/migration.rb:556:in `call'
actionpack (5.2.3) lib/action_dispatch/middleware/callbacks.rb:28:in `block in call'
activesupport (5.2.3) lib/active_support/callbacks.rb:98:in `run_callbacks'
actionpack (5.2.3) lib/action_dispatch/middleware/callbacks.rb:26:in `call'
actionpack (5.2.3) lib/action_dispatch/middleware/executor.rb:14:in `call'
actionpack (5.2.3) lib/action_dispatch/middleware/debug_exceptions.rb:61:in `call'
web-console (3.7.0) lib/web_console/middleware.rb:135:in `call_app'
web-console (3.7.0) lib/web_console/middleware.rb:22:in `block in call'
web-console (3.7.0) lib/web_console/middleware.rb:20:in `catch'
web-console (3.7.0) lib/web_console/middleware.rb:20:in `call'
actionpack (5.2.3) lib/action_dispatch/middleware/show_exceptions.rb:33:in `call'
railties (5.2.3) lib/rails/rack/logger.rb:38:in `call_app'
railties (5.2.3) lib/rails/rack/logger.rb:26:in `block in call'
activesupport (5.2.3) lib/active_support/tagged_logging.rb:71:in `block in tagged'
activesupport (5.2.3) lib/active_support/tagged_logging.rb:28:in `tagged'
activesupport (5.2.3) lib/active_support/tagged_logging.rb:71:in `tagged'
railties (5.2.3) lib/rails/rack/logger.rb:26:in `call'
sprockets-rails (3.2.1) lib/sprockets/rails/quiet_assets.rb:13:in `call'
actionpack (5.2.3) lib/action_dispatch/middleware/remote_ip.rb:81:in `call'
actionpack (5.2.3) lib/action_dispatch/middleware/request_id.rb:27:in `call'
rack (2.0.8) lib/rack/method_override.rb:22:in `call'
rack (2.0.8) lib/rack/runtime.rb:22:in `call'
activesupport (5.2.3) lib/active_support/cache/strategy/local_cache_middleware.rb:29:in `call'
actionpack (5.2.3) lib/action_dispatch/middleware/executor.rb:14:in `call'
actionpack (5.2.3) lib/action_dispatch/middleware/static.rb:127:in `call'
rack (2.0.8) lib/rack/sendfile.rb:111:in `call'
webpacker (4.0.7) lib/webpacker/dev_server_proxy.rb:29:in `perform_request'
rack-proxy (0.6.5) lib/rack/proxy.rb:57:in `call'
railties (5.2.3) lib/rails/engine.rb:524:in `call'
puma (3.12.2) lib/puma/configuration.rb:227:in `call'
puma (3.12.2) lib/puma/server.rb:674:in `handle_request'
puma (3.12.2) lib/puma/server.rb:476:in `process_client'
puma (3.12.2) lib/puma/server.rb:334:in `block in run'
puma (3.12.2) lib/puma/thread_pool.rb:135:in `block in spawn_thread'
  [1m[35m (17.6ms)[0m  [1m[35mCREATE TABLE "schema_migrations" ("version" character varying NOT NULL PRIMARY KEY)[0m
  ↳ /usr/local/bundle/bin/rake:23
  [1m[35m (3.9ms)[0m  [1m[35mCREATE TABLE "ar_internal_metadata" ("key" character varying NOT NULL PRIMARY KEY, "value" character varying, "created_at" timestamp NOT NULL, "updated_at" timestamp NOT NULL)[0m
  ↳ /usr/local/bundle/bin/rake:23
  [1m[35m (0.3ms)[0m  [1m[34mSELECT pg_try_advisory_lock(5466295435480968270)[0m
  ↳ /usr/local/bundle/bin/rake:23
  [1m[35m (1.1ms)[0m  [1m[34mSELECT "schema_migrations"."version" FROM "schema_migrations" ORDER BY "schema_migrations"."version" ASC[0m
  ↳ /usr/local/bundle/bin/rake:23
Migrating to CreateSharks (20190927142853)
  [1m[35m (0.3ms)[0m  [1m[35mBEGIN[0m
  ↳ /usr/local/bundle/bin/rake:23
  [1m[35m (7.2ms)[0m  [1m[35mCREATE TABLE "sharks" ("id" bigserial primary key, "name" character varying, "facts" text, "created_at" timestamp NOT NULL, "updated_at" timestamp NOT NULL)[0m
  ↳ db/migrate/20190927142853_create_sharks.rb:3
  [1m[36mActiveRecord::SchemaMigration Create (0.8ms)[0m  [1m[32mINSERT INTO "schema_migrations" ("version") VALUES ($1) RETURNING "version"[0m  [["version", "20190927142853"]]
  ↳ /usr/local/bundle/bin/rake:23
  [1m[35m (0.7ms)[0m  [1m[35mCOMMIT[0m
  ↳ /usr/local/bundle/bin/rake:23
Migrating to CreatePosts (20190927143639)
  [1m[35m (0.4ms)[0m  [1m[35mBEGIN[0m
  ↳ /usr/local/bundle/bin/rake:23
  [1m[35m (8.2ms)[0m  [1m[35mCREATE TABLE "posts" ("id" bigserial primary key, "body" text, "shark_id" bigint, "created_at" timestamp NOT NULL, "updated_at" timestamp NOT NULL, CONSTRAINT "fk_rails_366380e067"
FOREIGN KEY ("shark_id")
  REFERENCES "sharks" ("id")
)[0m
  ↳ db/migrate/20190927143639_create_posts.rb:3
  [1m[35m (1.9ms)[0m  [1m[35mCREATE  INDEX  "index_posts_on_shark_id" ON "posts"  ("shark_id")[0m
  ↳ db/migrate/20190927143639_create_posts.rb:3
  [1m[36mActiveRecord::SchemaMigration Create (0.9ms)[0m  [1m[32mINSERT INTO "schema_migrations" ("version") VALUES ($1) RETURNING "version"[0m  [["version", "20190927143639"]]
  ↳ /usr/local/bundle/bin/rake:23
  [1m[35m (0.7ms)[0m  [1m[35mCOMMIT[0m
  ↳ /usr/local/bundle/bin/rake:23
Migrating to CreateEndangereds (20191120132043)
  [1m[35m (0.3ms)[0m  [1m[35mBEGIN[0m
  ↳ /usr/local/bundle/bin/rake:23
  [1m[35m (5.0ms)[0m  [1m[35mCREATE TABLE "endangereds" ("id" bigserial primary key, "name" character varying, "iucn" character varying, "created_at" timestamp NOT NULL, "updated_at" timestamp NOT NULL)[0m
  ↳ db/migrate/20191120132043_create_endangereds.rb:3
  [1m[36mActiveRecord::SchemaMigration Create (0.6ms)[0m  [1m[32mINSERT INTO "schema_migrations" ("version") VALUES ($1) RETURNING "version"[0m  [["version", "20191120132043"]]
  ↳ /usr/local/bundle/bin/rake:23
  [1m[35m (0.6ms)[0m  [1m[35mCOMMIT[0m
  ↳ /usr/local/bundle/bin/rake:23
  [1m[36mActiveRecord::InternalMetadata Load (0.8ms)[0m  [1m[34mSELECT  "ar_internal_metadata".* FROM "ar_internal_metadata" WHERE "ar_internal_metadata"."key" = $1 LIMIT $2[0m  [["key", "environment"], ["LIMIT", 1]]
  ↳ /usr/local/bundle/bin/rake:23
  [1m[35m (0.4ms)[0m  [1m[35mBEGIN[0m
  ↳ /usr/local/bundle/bin/rake:23
  [1m[36mActiveRecord::InternalMetadata Create (0.8ms)[0m  [1m[32mINSERT INTO "ar_internal_metadata" ("key", "value", "created_at", "updated_at") VALUES ($1, $2, $3, $4) RETURNING "key"[0m  [["key", "environment"], ["value", "development"], ["created_at", "2020-05-20 14:45:02.514849"], ["updated_at", "2020-05-20 14:45:02.514849"]]
  ↳ /usr/local/bundle/bin/rake:23
  [1m[35m (0.6ms)[0m  [1m[35mCOMMIT[0m
  ↳ /usr/local/bundle/bin/rake:23
  [1m[35m (0.5ms)[0m  [1m[34mSELECT pg_advisory_unlock(5466295435480968270)[0m
  ↳ /usr/local/bundle/bin/rake:23
  [1m[35m (0.6ms)[0m  [1m[34mSELECT "schema_migrations"."version" FROM "schema_migrations" ORDER BY "schema_migrations"."version" ASC[0m
  ↳ /usr/local/bundle/bin/rake:23
Started GET "/" for 172.19.0.1 at 2020-05-20 14:45:04 +0000
Cannot render console from 172.19.0.1! Allowed networks: 127.0.0.1, ::1, 127.0.0.0/127.255.255.255
  [1m[35m (1.7ms)[0m  [1m[34mSELECT "schema_migrations"."version" FROM "schema_migrations" ORDER BY "schema_migrations"."version" ASC[0m
  ↳ /usr/local/bundle/gems/activerecord-5.2.3/lib/active_record/log_subscriber.rb:98
Processing by HomeController#index as HTML
  Rendering home/index.html.erb within layouts/application
  Rendered home/index.html.erb within layouts/application (1.4ms)
  Rendered layouts/_navigation.html.erb (0.8ms)
Completed 200 OK in 1715ms (Views: 1700.1ms | ActiveRecord: 0.0ms)


